#
# There is insufficient memory for the Java Runtime Environment to continue.
# Native memory allocation (mmap) failed to map 227540992 bytes for G1 virtual space
# Possible reasons:
#   The system is out of physical RAM or swap space
#   The process is running with CompressedOops enabled, and the Java Heap may be blocking the growth of the native heap
# Possible solutions:
#   Reduce memory load on the system
#   Increase physical memory or swap space
#   Check if swap backing store is full
#   Decrease Java heap size (-Xmx/-Xms)
#   Decrease number of Java threads
#   Decrease Java thread stack sizes (-Xss)
#   Set larger code cache with -XX:ReservedCodeCacheSize=
#   JVM is running with Unscaled Compressed Oops mode in which the Java heap is
#     placed in the first 4GB address space. The Java Heap base address is the
#     maximum limit for the native heap growth. Please use -XX:HeapBaseMinAddress
#     to set the Java Heap base and to place the Java Heap above 4GB virtual address.
# This output file may be truncated or incomplete.
#
#  Out of Memory Error (os_windows.cpp:3548), pid=22196, tid=16552
#
# JRE version: Java(TM) SE Runtime Environment (17.0.12+8) (build 17.0.12+8-LTS-286)
# Java VM: Java HotSpot(TM) 64-Bit Server VM (17.0.12+8-LTS-286, mixed mode, sharing, tiered, compressed oops, compressed class ptrs, g1 gc, windows-amd64)
# No core dump will be written. Minidumps are not enabled by default on client versions of Windows
#

---------------  S U M M A R Y ------------

Command Line: --add-opens=java.base/java.lang=ALL-UNNAMED --add-opens=java.base/java.lang.invoke=ALL-UNNAMED --add-opens=java.base/java.util=ALL-UNNAMED --add-opens=java.prefs/java.util.prefs=ALL-UNNAMED --add-exports=jdk.compiler/com.sun.tools.javac.api=ALL-UNNAMED --add-exports=jdk.compiler/com.sun.tools.javac.util=ALL-UNNAMED --add-opens=java.base/java.util=ALL-UNNAMED --add-opens=java.prefs/java.util.prefs=ALL-UNNAMED --add-opens=java.base/java.nio.charset=ALL-UNNAMED --add-opens=java.base/java.net=ALL-UNNAMED --add-opens=java.base/java.util.concurrent.atomic=ALL-UNNAMED --add-opens=java.xml/javax.xml.namespace=ALL-UNNAMED -XX:MaxMetaspaceSize=512m -Xmx2048m -Dfile.encoding=windows-1252 -Duser.country=IN -Duser.language=en -Duser.variant -javaagent:C:\Users\akhil\.gradle\wrapper\dists\gradle-8.14.1-bin\baw1sv0jfoi8rxs14qo3h49cs\gradle-8.14.1\lib\agents\gradle-instrumentation-agent-8.14.1.jar org.gradle.launcher.daemon.bootstrap.GradleDaemon 8.14.1

Host: 11th Gen Intel(R) Core(TM) i5-1135G7 @ 2.40GHz, 8 cores, 7G,  Windows 11 , 64 bit Build 26100 (10.0.26100.4202)
Time: Mon Jul  7 00:01:59 2025 India Standard Time elapsed time: 26.451896 seconds (0d 0h 0m 26s)

---------------  T H R E A D  ---------------

Current thread (0x000001d8303742e0):  VMThread "VM Thread" [stack: 0x000000bebf800000,0x000000bebf900000] [id=16552]

Stack: [0x000000bebf800000,0x000000bebf900000]
Native frames: (J=compiled Java code, j=interpreted, Vv=VM code, C=native code)
V  [jvm.dll+0x67a04a]
V  [jvm.dll+0x7da4ed]
V  [jvm.dll+0x7dbe33]
V  [jvm.dll+0x7dc4a3]
V  [jvm.dll+0x24508f]
V  [jvm.dll+0x677089]
V  [jvm.dll+0x66bd32]
V  [jvm.dll+0x301fa6]
V  [jvm.dll+0x309546]
V  [jvm.dll+0x359d2e]
V  [jvm.dll+0x359f5f]
V  [jvm.dll+0x2d9078]
V  [jvm.dll+0x2d74ad]
V  [jvm.dll+0x2d6afc]
V  [jvm.dll+0x31a65b]
V  [jvm.dll+0x7e0d9b]
V  [jvm.dll+0x7e1ad4]
V  [jvm.dll+0x7e1fed]
V  [jvm.dll+0x7e23c4]
V  [jvm.dll+0x7e2490]
V  [jvm.dll+0x78abea]
V  [jvm.dll+0x678f35]
C  [ucrtbase.dll+0x37b0]
C  [KERNEL32.DLL+0x2e8d7]
C  [ntdll.dll+0x3c34c]

VM_Operation (0x000000bec10f2040): G1CollectForAllocation, mode: safepoint, requested by thread 0x000001d8305c47f0


---------------  P R O C E S S  ---------------

Threads class SMR info:
_java_thread_list=0x000001d8526d75c0, length=146, elements={
0x000001d811985c80, 0x000001d83037a0e0, 0x000001d83037abb0, 0x000001d8303934d0,
0x000001d830395db0, 0x000001d830397690, 0x000001d830398700, 0x000001d83039a240,
0x000001d8303a4840, 0x000001d8303af500, 0x000001d8305c6140, 0x000001d8305c33b0,
0x000001d8305c6650, 0x000001d8305c4d00, 0x000001d8305c5210, 0x000001d8305c5720,
0x000001d8305c2ea0, 0x000001d8305c38c0, 0x000001d8305c47f0, 0x000001d8305c3dd0,
0x000001d8305c5c30, 0x000001d851909820, 0x000001d851906070, 0x000001d851908e00,
0x000001d8519074b0, 0x000001d8519083e0, 0x000001d8519088f0, 0x000001d851909310,
0x000001d851907ed0, 0x000001d851906a90, 0x000001d85190d9f0, 0x000001d85190c0a0,
0x000001d85190a240, 0x000001d85190b170, 0x000001d85190b680, 0x000001d85190c5b0,
0x000001d85190cac0, 0x000001d85190a750, 0x000001d85190ac60, 0x000001d850b75070,
0x000001d850b773e0, 0x000001d850b769c0, 0x000001d850b78820, 0x000001d850b75a90,
0x000001d850b77e00, 0x000001d850b78d30, 0x000001d850b764b0, 0x000001d850b75580,
0x000001d850b778f0, 0x000001d850b76ed0, 0x000001d850b79750, 0x000001d850b75fa0,
0x000001d850b7a170, 0x000001d850b7a680, 0x000001d850b7ab90, 0x000001d850b7b5b0,
0x000001d850b7c4e0, 0x000001d850b79c60, 0x000001d850b7c9f0, 0x000001d850b79240,
0x000001d850b7bac0, 0x000001d850b7b0a0, 0x000001d85505f640, 0x000001d8550623d0,
0x000001d855062df0, 0x000001d855061ec0, 0x000001d85505fb50, 0x000001d855060570,
0x000001d855060a80, 0x000001d855060f90, 0x000001d8550614a0, 0x000001d8550619b0,
0x000001d851bdb530, 0x000001d851bde2c0, 0x000001d851bdf1f0, 0x000001d851bdba40,
0x000001d851bdf700, 0x000001d851bde7d0, 0x000001d851bdece0, 0x000001d851bdbf50,
0x000001d851bdfc10, 0x000001d851bdc460, 0x000001d851be0120, 0x000001d851bdc970,
0x000001d851be0630, 0x000001d851bdce80, 0x000001d851bdddb0, 0x000001d851be0b40,
0x000001d851bdd390, 0x000001d851be1050, 0x000001d851bdd8a0, 0x000001d851be1560,
0x000001d851be1a70, 0x000001d851be1f80, 0x000001d851be2490, 0x000001d851be29a0,
0x000001d8548d1580, 0x000001d8548d3e00, 0x000001d8548d1fa0, 0x000001d8548d0b60,
0x000001d8548d1a90, 0x000001d8548d1070, 0x000001d8548d24b0, 0x000001d8548d29c0,
0x000001d8548d38f0, 0x000001d8548d33e0, 0x000001d8548d0650, 0x000001d8548d4d30,
0x000001d8548d70a0, 0x000001d8548d6170, 0x000001d8548d6680, 0x000001d8548d5c60,
0x000001d8548d6b90, 0x000001d8548d75b0, 0x000001d8548d7ac0, 0x000001d8548d4310,
0x000001d8548d5750, 0x000001d8548d7fd0, 0x000001d8548d4820, 0x000001d8548d5240,
0x000001d854357370, 0x000001d8543582a0, 0x000001d854356440, 0x000001d854357880,
0x000001d854357d90, 0x000001d8543587b0, 0x000001d854356950, 0x000001d854356e60,
0x000001d854355000, 0x000001d854355510, 0x000001d854355a20, 0x000001d854355f30,
0x000001d8542260c0, 0x000001d854225bb0, 0x000001d854228940, 0x000001d854228430,
0x000001d854228e50, 0x000001d854229360, 0x000001d854229870, 0x000001d854227a10,
0x000001d8542265d0, 0x000001d854227f20, 0x000001d85422bbe0, 0x000001d85422c600,
0x000001d85422d020, 0x000001d855fa5290
}

Java Threads: ( => current thread )
  0x000001d811985c80 JavaThread "main" [_thread_blocked, id=820, stack(0x000000bebf200000,0x000000bebf300000)]
  0x000001d83037a0e0 JavaThread "Reference Handler" daemon [_thread_blocked, id=17768, stack(0x000000bebf900000,0x000000bebfa00000)]
  0x000001d83037abb0 JavaThread "Finalizer" daemon [_thread_blocked, id=21644, stack(0x000000bebfa00000,0x000000bebfb00000)]
  0x000001d8303934d0 JavaThread "Signal Dispatcher" daemon [_thread_blocked, id=22188, stack(0x000000bebfb00000,0x000000bebfc00000)]
  0x000001d830395db0 JavaThread "Attach Listener" daemon [_thread_blocked, id=2288, stack(0x000000bebfc00000,0x000000bebfd00000)]
  0x000001d830397690 JavaThread "Service Thread" daemon [_thread_blocked, id=17824, stack(0x000000bebfd00000,0x000000bebfe00000)]
  0x000001d830398700 JavaThread "Monitor Deflation Thread" daemon [_thread_blocked, id=7312, stack(0x000000bebfe00000,0x000000bebff00000)]
  0x000001d83039a240 JavaThread "C2 CompilerThread0" daemon [_thread_blocked, id=16564, stack(0x000000bebff00000,0x000000bec0000000)]
  0x000001d8303a4840 JavaThread "C1 CompilerThread0" daemon [_thread_blocked, id=4540, stack(0x000000bec0000000,0x000000bec0100000)]
  0x000001d8303af500 JavaThread "Sweeper thread" daemon [_thread_blocked, id=20832, stack(0x000000bec0100000,0x000000bec0200000)]
  0x000001d8305c6140 JavaThread "Common-Cleaner" daemon [_thread_blocked, id=14152, stack(0x000000bec0200000,0x000000bec0300000)]
  0x000001d8305c33b0 JavaThread "Notification Thread" daemon [_thread_blocked, id=15592, stack(0x000000bec0400000,0x000000bec0500000)]
  0x000001d8305c6650 JavaThread "Daemon health stats" [_thread_blocked, id=17568, stack(0x000000bec0a00000,0x000000bec0b00000)]
  0x000001d8305c4d00 JavaThread "Incoming local TCP Connector on port 59099" [_thread_in_native, id=17020, stack(0x000000bec0b00000,0x000000bec0c00000)]
  0x000001d8305c5210 JavaThread "Daemon periodic checks" [_thread_blocked, id=22816, stack(0x000000bec0c00000,0x000000bec0d00000)]
  0x000001d8305c5720 JavaThread "Daemon" [_thread_blocked, id=16280, stack(0x000000bec0d00000,0x000000bec0e00000)]
  0x000001d8305c2ea0 JavaThread "Handler for socket connection from /127.0.0.1:59099 to /127.0.0.1:59100" [_thread_in_native, id=18520, stack(0x000000bec0e00000,0x000000bec0f00000)]
  0x000001d8305c38c0 JavaThread "Cancel handler" [_thread_blocked, id=12952, stack(0x000000bec0f00000,0x000000bec1000000)]
  0x000001d8305c47f0 JavaThread "Daemon worker" [_thread_blocked, id=22212, stack(0x000000bec1000000,0x000000bec1100000)]
  0x000001d8305c3dd0 JavaThread "Asynchronous log dispatcher for DefaultDaemonConnection: socket connection from /127.0.0.1:59099 to /127.0.0.1:59100" [_thread_blocked, id=568, stack(0x000000bec1100000,0x000000bec1200000)]
  0x000001d8305c5c30 JavaThread "Stdin handler" [_thread_blocked, id=19680, stack(0x000000bec1200000,0x000000bec1300000)]
  0x000001d851909820 JavaThread "Daemon client event forwarder" [_thread_blocked, id=19048, stack(0x000000bec1300000,0x000000bec1400000)]
  0x000001d851906070 JavaThread "Cache worker for journal cache (C:\Users\akhil\.gradle\caches\journal-1)" [_thread_blocked, id=15388, stack(0x000000bec1400000,0x000000bec1500000)]
  0x000001d851908e00 JavaThread "File lock request listener" [_thread_in_native, id=19564, stack(0x000000bec1500000,0x000000bec1600000)]
  0x000001d8519074b0 JavaThread "Cache worker for file hash cache (C:\Users\akhil\.gradle\caches\8.14.1\fileHashes)" [_thread_blocked, id=4488, stack(0x000000bec1600000,0x000000bec1700000)]
  0x000001d8519083e0 JavaThread "Cache worker for file hash cache (D:\My Projects\Stylish\android\.gradle\8.14.1\fileHashes)" [_thread_blocked, id=20040, stack(0x000000bec1a00000,0x000000bec1b00000)]
  0x000001d8519088f0 JavaThread "Cache worker for Build Output Cleanup Cache (D:\My Projects\Stylish\android\.gradle\buildOutputCleanup)" [_thread_blocked, id=1724, stack(0x000000bec1b00000,0x000000bec1c00000)]
  0x000001d851909310 JavaThread "File watcher server" daemon [_thread_in_native, id=2772, stack(0x000000bec1d00000,0x000000bec1e00000)]
  0x000001d851907ed0 JavaThread "File watcher consumer" daemon [_thread_blocked, id=18200, stack(0x000000bec1e00000,0x000000bec1f00000)]
  0x000001d851906a90 JavaThread "jar transforms" [_thread_blocked, id=2256, stack(0x000000bec1f00000,0x000000bec2000000)]
  0x000001d85190d9f0 JavaThread "Cache worker for checksums cache (D:\My Projects\Stylish\android\.gradle\8.14.1\checksums)" [_thread_blocked, id=21548, stack(0x000000bec2000000,0x000000bec2100000)]
  0x000001d85190c0a0 JavaThread "Cache worker for file content cache (C:\Users\akhil\.gradle\caches\8.14.1\fileContent)" [_thread_blocked, id=22704, stack(0x000000bec2100000,0x000000bec2200000)]
  0x000001d85190a240 JavaThread "Cache worker for cache directory md-supplier (C:\Users\akhil\.gradle\caches\8.14.1\md-supplier)" [_thread_blocked, id=9956, stack(0x000000bec2200000,0x000000bec2300000)]
  0x000001d85190b170 JavaThread "Cache worker for cache directory md-rule (C:\Users\akhil\.gradle\caches\8.14.1\md-rule)" [_thread_blocked, id=19752, stack(0x000000bec2300000,0x000000bec2400000)]
  0x000001d85190b680 JavaThread "Cache worker for Build Output Cleanup Cache (D:\My Projects\Stylish\node_modules\@react-native\gradle-plugin\.gradle\buildOutputCleanup)" [_thread_blocked, id=19020, stack(0x000000bec2400000,0x000000bec2500000)]
  0x000001d85190c5b0 JavaThread "Unconstrained build operations" [_thread_blocked, id=1680, stack(0x000000bec2500000,0x000000bec2600000)]
  0x000001d85190cac0 JavaThread "Unconstrained build operations Thread 2" [_thread_blocked, id=20620, stack(0x000000bec2600000,0x000000bec2700000)]
  0x000001d85190a750 JavaThread "Unconstrained build operations Thread 3" [_thread_blocked, id=21204, stack(0x000000bec2700000,0x000000bec2800000)]
  0x000001d85190ac60 JavaThread "Unconstrained build operations Thread 4" [_thread_blocked, id=16220, stack(0x000000bec2800000,0x000000bec2900000)]
  0x000001d850b75070 JavaThread "Unconstrained build operations Thread 5" [_thread_blocked, id=22012, stack(0x000000bec2900000,0x000000bec2a00000)]
  0x000001d850b773e0 JavaThread "Unconstrained build operations Thread 6" [_thread_blocked, id=19932, stack(0x000000bec2a00000,0x000000bec2b00000)]
  0x000001d850b769c0 JavaThread "Unconstrained build operations Thread 7" [_thread_blocked, id=1844, stack(0x000000bec2b00000,0x000000bec2c00000)]
  0x000001d850b78820 JavaThread "Unconstrained build operations Thread 8" [_thread_blocked, id=17640, stack(0x000000bec2c00000,0x000000bec2d00000)]
  0x000001d850b75a90 JavaThread "Unconstrained build operations Thread 9" [_thread_blocked, id=12516, stack(0x000000bec2d00000,0x000000bec2e00000)]
  0x000001d850b77e00 JavaThread "Unconstrained build operations Thread 10" [_thread_blocked, id=3352, stack(0x000000bec2e00000,0x000000bec2f00000)]
  0x000001d850b78d30 JavaThread "Unconstrained build operations Thread 11" [_thread_blocked, id=11124, stack(0x000000bec2f00000,0x000000bec3000000)]
  0x000001d850b764b0 JavaThread "Unconstrained build operations Thread 12" [_thread_blocked, id=9832, stack(0x000000bec3000000,0x000000bec3100000)]
  0x000001d850b75580 JavaThread "Unconstrained build operations Thread 13" [_thread_blocked, id=11548, stack(0x000000bec3100000,0x000000bec3200000)]
  0x000001d850b778f0 JavaThread "Unconstrained build operations Thread 14" [_thread_blocked, id=18948, stack(0x000000bec3200000,0x000000bec3300000)]
  0x000001d850b76ed0 JavaThread "Unconstrained build operations Thread 15" [_thread_blocked, id=19716, stack(0x000000bec3300000,0x000000bec3400000)]
  0x000001d850b79750 JavaThread "Unconstrained build operations Thread 16" [_thread_blocked, id=22120, stack(0x000000bec3400000,0x000000bec3500000)]
  0x000001d850b75fa0 JavaThread "Unconstrained build operations Thread 17" [_thread_blocked, id=20192, stack(0x000000bec3500000,0x000000bec3600000)]
  0x000001d850b7a170 JavaThread "Unconstrained build operations Thread 18" [_thread_blocked, id=2408, stack(0x000000bec3600000,0x000000bec3700000)]
  0x000001d850b7a680 JavaThread "Unconstrained build operations Thread 19" [_thread_blocked, id=22156, stack(0x000000bec3700000,0x000000bec3800000)]
  0x000001d850b7ab90 JavaThread "Unconstrained build operations Thread 20" [_thread_blocked, id=11244, stack(0x000000bec3800000,0x000000bec3900000)]
  0x000001d850b7b5b0 JavaThread "Unconstrained build operations Thread 21" [_thread_blocked, id=23108, stack(0x000000bec3900000,0x000000bec3a00000)]
  0x000001d850b7c4e0 JavaThread "Unconstrained build operations Thread 22" [_thread_blocked, id=15800, stack(0x000000bec3a00000,0x000000bec3b00000)]
  0x000001d850b79c60 JavaThread "Unconstrained build operations Thread 23" [_thread_blocked, id=8628, stack(0x000000bec3b00000,0x000000bec3c00000)]
  0x000001d850b7c9f0 JavaThread "Unconstrained build operations Thread 24" [_thread_blocked, id=12284, stack(0x000000bec3c00000,0x000000bec3d00000)]
  0x000001d850b79240 JavaThread "Unconstrained build operations Thread 25" [_thread_blocked, id=16932, stack(0x000000bec3d00000,0x000000bec3e00000)]
  0x000001d850b7bac0 JavaThread "Unconstrained build operations Thread 26" [_thread_blocked, id=19956, stack(0x000000bec3e00000,0x000000bec3f00000)]
  0x000001d850b7b0a0 JavaThread "Unconstrained build operations Thread 27" [_thread_blocked, id=10052, stack(0x000000bec3f00000,0x000000bec4000000)]
  0x000001d85505f640 JavaThread "build event listener" [_thread_blocked, id=21768, stack(0x000000bec4000000,0x000000bec4100000)]
  0x000001d8550623d0 JavaThread "Memory manager" [_thread_blocked, id=6572, stack(0x000000bec4100000,0x000000bec4200000)]
  0x000001d855062df0 JavaThread "ForkJoinPool.commonPool-worker-1" daemon [_thread_blocked, id=22852, stack(0x000000bec4200000,0x000000bec4300000)]
  0x000001d855061ec0 JavaThread "ForkJoinPool.commonPool-worker-2" daemon [_thread_blocked, id=22680, stack(0x000000bec4300000,0x000000bec4400000)]
  0x000001d85505fb50 JavaThread "ForkJoinPool.commonPool-worker-3" daemon [_thread_blocked, id=964, stack(0x000000bec4400000,0x000000bec4500000)]
  0x000001d855060570 JavaThread "ForkJoinPool.commonPool-worker-4" daemon [_thread_blocked, id=22552, stack(0x000000bec4500000,0x000000bec4600000)]
  0x000001d855060a80 JavaThread "ForkJoinPool.commonPool-worker-5" daemon [_thread_blocked, id=14060, stack(0x000000bec4600000,0x000000bec4700000)]
  0x000001d855060f90 JavaThread "ForkJoinPool.commonPool-worker-6" daemon [_thread_blocked, id=20292, stack(0x000000bec4700000,0x000000bec4800000)]
  0x000001d8550614a0 JavaThread "ForkJoinPool.commonPool-worker-7" daemon [_thread_blocked, id=1496, stack(0x000000bec4800000,0x000000bec4900000)]
  0x000001d8550619b0 JavaThread "Exec process" [_thread_blocked, id=19056, stack(0x000000bec4900000,0x000000bec4a00000)]
  0x000001d851bdb530 JavaThread "Exec process Thread 2" [_thread_blocked, id=19908, stack(0x000000bec4a00000,0x000000bec4b00000)]
  0x000001d851bde2c0 JavaThread "Exec process Thread 3" [_thread_blocked, id=7708, stack(0x000000bec4b00000,0x000000bec4c00000)]
  0x000001d851bdf1f0 JavaThread "included builds" [_thread_blocked, id=22068, stack(0x000000bec4c00000,0x000000bec4d00000)]
  0x000001d851bdba40 JavaThread "Execution worker" [_thread_blocked, id=15364, stack(0x000000bec4d00000,0x000000bec4e00000)]
  0x000001d851bdf700 JavaThread "Execution worker Thread 2" [_thread_blocked, id=16488, stack(0x000000bec4e00000,0x000000bec4f00000)]
  0x000001d851bde7d0 JavaThread "Execution worker Thread 3" [_thread_blocked, id=12324, stack(0x000000bec4f00000,0x000000bec5000000)]
  0x000001d851bdece0 JavaThread "Execution worker Thread 4" [_thread_blocked, id=23196, stack(0x000000bec5000000,0x000000bec5100000)]
  0x000001d851bdbf50 JavaThread "Execution worker Thread 5" [_thread_blocked, id=3392, stack(0x000000bec5100000,0x000000bec5200000)]
  0x000001d851bdfc10 JavaThread "Execution worker Thread 6" [_thread_blocked, id=5596, stack(0x000000bec5200000,0x000000bec5300000)]
  0x000001d851bdc460 JavaThread "Execution worker Thread 7" [_thread_blocked, id=9340, stack(0x000000bec5300000,0x000000bec5400000)]
  0x000001d851be0120 JavaThread "Cache worker for execution history cache (D:\My Projects\Stylish\node_modules\@react-native\gradle-plugin\.gradle\8.14.1\executionHistory)" [_thread_blocked, id=15560, stack(0x000000bec5400000,0x000000bec5500000)]
  0x000001d851bdc970 JavaThread "Unconstrained build operations Thread 28" [_thread_blocked, id=2672, stack(0x000000bec5500000,0x000000bec5600000)]
  0x000001d851be0630 JavaThread "Unconstrained build operations Thread 29" [_thread_blocked, id=10720, stack(0x000000bec5600000,0x000000bec5700000)]
  0x000001d851bdce80 JavaThread "Unconstrained build operations Thread 30" [_thread_blocked, id=14020, stack(0x000000bec5700000,0x000000bec5800000)]
  0x000001d851bdddb0 JavaThread "Unconstrained build operations Thread 31" [_thread_blocked, id=22684, stack(0x000000bec5800000,0x000000bec5900000)]
  0x000001d851be0b40 JavaThread "Unconstrained build operations Thread 32" [_thread_blocked, id=19372, stack(0x000000bec5900000,0x000000bec5a00000)]
  0x000001d851bdd390 JavaThread "Unconstrained build operations Thread 33" [_thread_blocked, id=22332, stack(0x000000bec5a00000,0x000000bec5b00000)]
  0x000001d851be1050 JavaThread "Unconstrained build operations Thread 34" [_thread_blocked, id=1164, stack(0x000000bec5b00000,0x000000bec5c00000)]
  0x000001d851bdd8a0 JavaThread "Unconstrained build operations Thread 35" [_thread_blocked, id=7088, stack(0x000000bec5c00000,0x000000bec5d00000)]
  0x000001d851be1560 JavaThread "Unconstrained build operations Thread 36" [_thread_blocked, id=7220, stack(0x000000bec5d00000,0x000000bec5e00000)]
  0x000001d851be1a70 JavaThread "Unconstrained build operations Thread 37" [_thread_blocked, id=20652, stack(0x000000bec5e00000,0x000000bec5f00000)]
  0x000001d851be1f80 JavaThread "Unconstrained build operations Thread 38" [_thread_blocked, id=17436, stack(0x000000bec5f00000,0x000000bec6000000)]
  0x000001d851be2490 JavaThread "Unconstrained build operations Thread 39" [_thread_blocked, id=9332, stack(0x000000bec6000000,0x000000bec6100000)]
  0x000001d851be29a0 JavaThread "Unconstrained build operations Thread 40" [_thread_blocked, id=20160, stack(0x000000bec6100000,0x000000bec6200000)]
  0x000001d8548d1580 JavaThread "Unconstrained build operations Thread 41" [_thread_blocked, id=19944, stack(0x000000bec6200000,0x000000bec6300000)]
  0x000001d8548d3e00 JavaThread "Unconstrained build operations Thread 42" [_thread_blocked, id=2896, stack(0x000000bec6300000,0x000000bec6400000)]
  0x000001d8548d1fa0 JavaThread "Unconstrained build operations Thread 43" [_thread_blocked, id=13996, stack(0x000000bec6400000,0x000000bec6500000)]
  0x000001d8548d0b60 JavaThread "Unconstrained build operations Thread 44" [_thread_blocked, id=21952, stack(0x000000bec6500000,0x000000bec6600000)]
  0x000001d8548d1a90 JavaThread "Unconstrained build operations Thread 45" [_thread_blocked, id=17276, stack(0x000000bec6600000,0x000000bec6700000)]
  0x000001d8548d1070 JavaThread "Unconstrained build operations Thread 46" [_thread_blocked, id=23204, stack(0x000000bec6700000,0x000000bec6800000)]
  0x000001d8548d24b0 JavaThread "Unconstrained build operations Thread 47" [_thread_blocked, id=13812, stack(0x000000bec6800000,0x000000bec6900000)]
  0x000001d8548d29c0 JavaThread "Unconstrained build operations Thread 48" [_thread_blocked, id=17316, stack(0x000000bec6900000,0x000000bec6a00000)]
  0x000001d8548d38f0 JavaThread "Unconstrained build operations Thread 49" [_thread_blocked, id=18712, stack(0x000000bec6a00000,0x000000bec6b00000)]
  0x000001d8548d33e0 JavaThread "Unconstrained build operations Thread 50" [_thread_blocked, id=17080, stack(0x000000bec6b00000,0x000000bec6c00000)]
  0x000001d8548d0650 JavaThread "Unconstrained build operations Thread 51" [_thread_blocked, id=8256, stack(0x000000bec6c00000,0x000000bec6d00000)]
  0x000001d8548d4d30 JavaThread "Unconstrained build operations Thread 52" [_thread_blocked, id=22148, stack(0x000000bec6d00000,0x000000bec6e00000)]
  0x000001d8548d70a0 JavaThread "Unconstrained build operations Thread 53" [_thread_blocked, id=16060, stack(0x000000bec6e00000,0x000000bec6f00000)]
  0x000001d8548d6170 JavaThread "Unconstrained build operations Thread 54" [_thread_blocked, id=17788, stack(0x000000bec6f00000,0x000000bec7000000)]
  0x000001d8548d6680 JavaThread "Unconstrained build operations Thread 55" [_thread_blocked, id=10624, stack(0x000000bec7000000,0x000000bec7100000)]
  0x000001d8548d5c60 JavaThread "Unconstrained build operations Thread 56" [_thread_blocked, id=18108, stack(0x000000bec7100000,0x000000bec7200000)]
  0x000001d8548d6b90 JavaThread "Unconstrained build operations Thread 57" [_thread_blocked, id=19168, stack(0x000000bec7200000,0x000000bec7300000)]
  0x000001d8548d75b0 JavaThread "Unconstrained build operations Thread 58" [_thread_blocked, id=8312, stack(0x000000bec7300000,0x000000bec7400000)]
  0x000001d8548d7ac0 JavaThread "Unconstrained build operations Thread 59" [_thread_blocked, id=3864, stack(0x000000bec7400000,0x000000bec7500000)]
  0x000001d8548d4310 JavaThread "Unconstrained build operations Thread 60" [_thread_blocked, id=22168, stack(0x000000bec7500000,0x000000bec7600000)]
  0x000001d8548d5750 JavaThread "Unconstrained build operations Thread 61" [_thread_blocked, id=7648, stack(0x000000bec7600000,0x000000bec7700000)]
  0x000001d8548d7fd0 JavaThread "Unconstrained build operations Thread 62" [_thread_blocked, id=19872, stack(0x000000bec7700000,0x000000bec7800000)]
  0x000001d8548d4820 JavaThread "Unconstrained build operations Thread 63" [_thread_blocked, id=2344, stack(0x000000bec7800000,0x000000bec7900000)]
  0x000001d8548d5240 JavaThread "Unconstrained build operations Thread 64" [_thread_blocked, id=20768, stack(0x000000bec7900000,0x000000bec7a00000)]
  0x000001d854357370 JavaThread "Unconstrained build operations Thread 65" [_thread_blocked, id=1536, stack(0x000000bec7a00000,0x000000bec7b00000)]
  0x000001d8543582a0 JavaThread "Unconstrained build operations Thread 66" [_thread_blocked, id=9328, stack(0x000000bec7b00000,0x000000bec7c00000)]
  0x000001d854356440 JavaThread "Unconstrained build operations Thread 67" [_thread_blocked, id=22984, stack(0x000000bec7c00000,0x000000bec7d00000)]
  0x000001d854357880 JavaThread "Unconstrained build operations Thread 68" [_thread_blocked, id=15820, stack(0x000000bec7d00000,0x000000bec7e00000)]
  0x000001d854357d90 JavaThread "Unconstrained build operations Thread 69" [_thread_blocked, id=9076, stack(0x000000bec7e00000,0x000000bec7f00000)]
  0x000001d8543587b0 JavaThread "Unconstrained build operations Thread 70" [_thread_blocked, id=17300, stack(0x000000bec7f00000,0x000000bec8000000)]
  0x000001d854356950 JavaThread "Unconstrained build operations Thread 71" [_thread_blocked, id=13924, stack(0x000000bec8000000,0x000000bec8100000)]
  0x000001d854356e60 JavaThread "Unconstrained build operations Thread 72" [_thread_blocked, id=22044, stack(0x000000bec8100000,0x000000bec8200000)]
  0x000001d854355000 JavaThread "Unconstrained build operations Thread 73" [_thread_blocked, id=21528, stack(0x000000bec8200000,0x000000bec8300000)]
  0x000001d854355510 JavaThread "Unconstrained build operations Thread 74" [_thread_blocked, id=17372, stack(0x000000bec8300000,0x000000bec8400000)]
  0x000001d854355a20 JavaThread "Unconstrained build operations Thread 75" [_thread_blocked, id=6176, stack(0x000000bec8400000,0x000000bec8500000)]
  0x000001d854355f30 JavaThread "Unconstrained build operations Thread 76" [_thread_blocked, id=22972, stack(0x000000bec8500000,0x000000bec8600000)]
  0x000001d8542260c0 JavaThread "Unconstrained build operations Thread 77" [_thread_blocked, id=2676, stack(0x000000bec8600000,0x000000bec8700000)]
  0x000001d854225bb0 JavaThread "jar transforms Thread 2" [_thread_blocked, id=18348, stack(0x000000bec8700000,0x000000bec8800000)]
  0x000001d854228940 JavaThread "jar transforms Thread 3" [_thread_blocked, id=23376, stack(0x000000bec8800000,0x000000bec8900000)]
  0x000001d854228430 JavaThread "Unconstrained build operations Thread 78" [_thread_blocked, id=22172, stack(0x000000bec8900000,0x000000bec8a00000)]
  0x000001d854228e50 JavaThread "Unconstrained build operations Thread 79" [_thread_blocked, id=15260, stack(0x000000bec8a00000,0x000000bec8b00000)]
  0x000001d854229360 JavaThread "Unconstrained build operations Thread 80" [_thread_blocked, id=22440, stack(0x000000bec8b00000,0x000000bec8c00000)]
  0x000001d854229870 JavaThread "jar transforms Thread 4" [_thread_blocked, id=16652, stack(0x000000bec8c00000,0x000000bec8d00000)]
  0x000001d854227a10 JavaThread "jar transforms Thread 5" [_thread_blocked, id=5476, stack(0x000000bec8d00000,0x000000bec8e00000)]
  0x000001d8542265d0 JavaThread "jar transforms Thread 6" [_thread_blocked, id=18400, stack(0x000000bec8e00000,0x000000bec8f00000)]
  0x000001d854227f20 JavaThread "Problems report writer" [_thread_blocked, id=18364, stack(0x000000bec8f00000,0x000000bec9000000)]
  0x000001d85422bbe0 JavaThread "build event listener" [_thread_blocked, id=17392, stack(0x000000bec9000000,0x000000bec9100000)]
  0x000001d85422c600 JavaThread "jar transforms Thread 7" [_thread_blocked, id=10488, stack(0x000000bec9100000,0x000000bec9200000)]
  0x000001d85422d020 JavaThread "jar transforms Thread 8" [_thread_blocked, id=19188, stack(0x000000bec9200000,0x000000bec9300000)]
  0x000001d855fa5290 JavaThread "C2 CompilerThread1" daemon [_thread_blocked, id=19696, stack(0x000000bec0300000,0x000000bec0400000)]

Other Threads:
=>0x000001d8303742e0 VMThread "VM Thread" [stack: 0x000000bebf800000,0x000000bebf900000] [id=16552]
  0x000001d83075fec0 WatcherThread [stack: 0x000000bec0500000,0x000000bec0600000] [id=18612]
  0x000001d8119e2f90 GCTaskThread "GC Thread#0" [stack: 0x000000bebf300000,0x000000bebf400000] [id=5696]
  0x000001d8307a0510 GCTaskThread "GC Thread#1" [stack: 0x000000bec0600000,0x000000bec0700000] [id=9244]
  0x000001d850413050 GCTaskThread "GC Thread#2" [stack: 0x000000bec0700000,0x000000bec0800000] [id=23216]
  0x000001d8503fc980 GCTaskThread "GC Thread#3" [stack: 0x000000bec0800000,0x000000bec0900000] [id=8928]
  0x000001d850f2f030 GCTaskThread "GC Thread#4" [stack: 0x000000bec0900000,0x000000bec0a00000] [id=5064]
  0x000001d8536ef7d0 GCTaskThread "GC Thread#5" [stack: 0x000000bec1700000,0x000000bec1800000] [id=23332]
  0x000001d8515e39f0 GCTaskThread "GC Thread#6" [stack: 0x000000bec1800000,0x000000bec1900000] [id=13540]
  0x000001d85279e550 GCTaskThread "GC Thread#7" [stack: 0x000000bec1900000,0x000000bec1a00000] [id=17596]
  0x000001d8119f4ac0 ConcurrentGCThread "G1 Main Marker" [stack: 0x000000bebf400000,0x000000bebf500000] [id=19508]
  0x000001d8119f5b80 ConcurrentGCThread "G1 Conc#0" [stack: 0x000000bebf500000,0x000000bebf600000] [id=13972]
  0x000001d853c4dd10 ConcurrentGCThread "G1 Conc#1" [stack: 0x000000bec1c00000,0x000000bec1d00000] [id=14352]
  0x000001d811a4e730 ConcurrentGCThread "G1 Refine#0" [stack: 0x000000bebf600000,0x000000bebf700000] [id=20636]
  0x000001d830226550 ConcurrentGCThread "G1 Service" [stack: 0x000000bebf700000,0x000000bebf800000] [id=1348]

Threads with active compile tasks:
C2 CompilerThread0    26487 13582       4       org.gradle.internal.instantiation.generator.AbstractClassGenerator$$Lambda$136/0x000001d8321ba9f8::test (12 bytes)
C2 CompilerThread1    26487 13697       4       org.codehaus.groovy.reflection.CachedClass$3$$Lambda$370/0x000001d8323b7d48::test (8 bytes)

VM state: at safepoint (normal execution)

VM Mutex/Monitor currently owned by a thread:  ([mutex/lock_event])
[0x000001d8119824d0] Threads_lock - owner thread: 0x000001d8303742e0
[0x000001d8119825f0] Heap_lock - owner thread: 0x000001d8305c47f0

Heap address: 0x0000000080000000, size: 2048 MB, Compressed Oops mode: 32-bit

CDS archive(s) mapped at: [0x000001d831000000-0x000001d831bd0000-0x000001d831bd0000), size 12386304, SharedBaseAddress: 0x000001d831000000, ArchiveRelocationMode: 1.
Compressed class space mapped at: 0x000001d832000000-0x000001d84c000000, reserved size: 436207616
Narrow klass base: 0x000001d831000000, Narrow klass shift: 0, Narrow klass range: 0x100000000

GC Precious Log:
 CPUs: 8 total, 8 available
 Memory: 7987M
 Large Page Support: Disabled
 NUMA Support: Disabled
 Compressed Oops: Enabled (32-bit)
 Heap Region Size: 1M
 Heap Min Capacity: 8M
 Heap Initial Capacity: 126M
 Heap Max Capacity: 2G
 Pre-touch: Disabled
 Parallel Workers: 8
 Concurrent Workers: 2
 Concurrent Refinement Workers: 8
 Periodic GC: Disabled

Heap:
 garbage-first heap   total 232448K, used 144232K [0x0000000080000000, 0x0000000100000000)
  region size 1024K, 8 young (8192K), 8 survivors (8192K)
 Metaspace       used 104719K, committed 105728K, reserved 557056K
  class space    used 14643K, committed 15104K, reserved 425984K

Heap Regions: E=young(eden), S=young(survivor), O=old, HS=humongous(starts), HC=humongous(continues), CS=collection set, F=free, OA=open archive, CA=closed archive, TAMS=top-at-mark-start (previous, next)
|   0|0x0000000080000000, 0x0000000080100000, 0x0000000080100000|100%|HS|  |TAMS 0x0000000080100000, 0x0000000080000000| Complete 
|   1|0x0000000080100000, 0x0000000080200000, 0x0000000080200000|100%|HC|  |TAMS 0x0000000080200000, 0x0000000080100000| Complete 
|   2|0x0000000080200000, 0x0000000080300000, 0x0000000080300000|100%|HC|  |TAMS 0x0000000080300000, 0x0000000080200000| Complete 
|   3|0x0000000080300000, 0x0000000080400000, 0x0000000080400000|100%| O|  |TAMS 0x0000000080400000, 0x0000000080300000| Untracked 
|   4|0x0000000080400000, 0x0000000080500000, 0x0000000080500000|100%| O|  |TAMS 0x0000000080500000, 0x0000000080400000| Untracked 
|   5|0x0000000080500000, 0x0000000080600000, 0x0000000080600000|100%| O|  |TAMS 0x0000000080600000, 0x0000000080500000| Untracked 
|   6|0x0000000080600000, 0x0000000080700000, 0x0000000080700000|100%|HS|  |TAMS 0x0000000080700000, 0x0000000080600000| Complete 
|   7|0x0000000080700000, 0x0000000080800000, 0x0000000080800000|100%| O|  |TAMS 0x0000000080800000, 0x0000000080700000| Untracked 
|   8|0x0000000080800000, 0x0000000080900000, 0x0000000080900000|100%| O|  |TAMS 0x0000000080900000, 0x0000000080800000| Untracked 
|   9|0x0000000080900000, 0x0000000080a00000, 0x0000000080a00000|100%| O|  |TAMS 0x0000000080a00000, 0x0000000080900000| Untracked 
|  10|0x0000000080a00000, 0x0000000080b00000, 0x0000000080b00000|100%| O|  |TAMS 0x0000000080b00000, 0x0000000080a00000| Untracked 
|  11|0x0000000080b00000, 0x0000000080c00000, 0x0000000080c00000|100%| O|  |TAMS 0x0000000080c00000, 0x0000000080b00000| Untracked 
|  12|0x0000000080c00000, 0x0000000080d00000, 0x0000000080d00000|100%| O|  |TAMS 0x0000000080d00000, 0x0000000080c00000| Untracked 
|  13|0x0000000080d00000, 0x0000000080e00000, 0x0000000080e00000|100%| O|  |TAMS 0x0000000080e00000, 0x0000000080d00000| Untracked 
|  14|0x0000000080e00000, 0x0000000080f00000, 0x0000000080f00000|100%| O|  |TAMS 0x0000000080f00000, 0x0000000080e00000| Untracked 
|  15|0x0000000080f00000, 0x0000000081000000, 0x0000000081000000|100%| O|  |TAMS 0x0000000081000000, 0x0000000080f00000| Untracked 
|  16|0x0000000081000000, 0x0000000081100000, 0x0000000081100000|100%| O|  |TAMS 0x0000000081100000, 0x0000000081000000| Untracked 
|  17|0x0000000081100000, 0x0000000081200000, 0x0000000081200000|100%| O|  |TAMS 0x0000000081200000, 0x0000000081100000| Untracked 
|  18|0x0000000081200000, 0x0000000081300000, 0x0000000081300000|100%| O|  |TAMS 0x0000000081300000, 0x0000000081200000| Untracked 
|  19|0x0000000081300000, 0x0000000081400000, 0x0000000081400000|100%| O|  |TAMS 0x0000000081400000, 0x0000000081300000| Untracked 
|  20|0x0000000081400000, 0x0000000081500000, 0x0000000081500000|100%| O|  |TAMS 0x0000000081500000, 0x0000000081400000| Untracked 
|  21|0x0000000081500000, 0x0000000081600000, 0x0000000081600000|100%| O|  |TAMS 0x0000000081600000, 0x0000000081500000| Untracked 
|  22|0x0000000081600000, 0x0000000081700000, 0x0000000081700000|100%| O|  |TAMS 0x0000000081700000, 0x0000000081600000| Untracked 
|  23|0x0000000081700000, 0x0000000081800000, 0x0000000081800000|100%| O|  |TAMS 0x0000000081800000, 0x0000000081700000| Untracked 
|  24|0x0000000081800000, 0x0000000081900000, 0x0000000081900000|100%| O|  |TAMS 0x0000000081900000, 0x0000000081800000| Untracked 
|  25|0x0000000081900000, 0x0000000081a00000, 0x0000000081a00000|100%| O|  |TAMS 0x0000000081a00000, 0x0000000081900000| Untracked 
|  26|0x0000000081a00000, 0x0000000081b00000, 0x0000000081b00000|100%| O|  |TAMS 0x0000000081b00000, 0x0000000081a00000| Untracked 
|  27|0x0000000081b00000, 0x0000000081c00000, 0x0000000081c00000|100%| O|  |TAMS 0x0000000081c00000, 0x0000000081b00000| Untracked 
|  28|0x0000000081c00000, 0x0000000081d00000, 0x0000000081d00000|100%| O|  |TAMS 0x0000000081d00000, 0x0000000081c00000| Untracked 
|  29|0x0000000081d00000, 0x0000000081e00000, 0x0000000081e00000|100%| O|  |TAMS 0x0000000081e00000, 0x0000000081d00000| Untracked 
|  30|0x0000000081e00000, 0x0000000081f00000, 0x0000000081f00000|100%| O|  |TAMS 0x0000000081f00000, 0x0000000081e00000| Untracked 
|  31|0x0000000081f00000, 0x0000000082000000, 0x0000000082000000|100%| O|  |TAMS 0x0000000082000000, 0x0000000081f00000| Untracked 
|  32|0x0000000082000000, 0x0000000082100000, 0x0000000082100000|100%| O|  |TAMS 0x0000000082100000, 0x0000000082000000| Untracked 
|  33|0x0000000082100000, 0x0000000082200000, 0x0000000082200000|100%| O|  |TAMS 0x0000000082200000, 0x0000000082100000| Untracked 
|  34|0x0000000082200000, 0x0000000082300000, 0x0000000082300000|100%| O|  |TAMS 0x0000000082300000, 0x0000000082200000| Untracked 
|  35|0x0000000082300000, 0x0000000082400000, 0x0000000082400000|100%| O|  |TAMS 0x0000000082400000, 0x0000000082300000| Untracked 
|  36|0x0000000082400000, 0x0000000082500000, 0x0000000082500000|100%| O|  |TAMS 0x0000000082500000, 0x0000000082400000| Untracked 
|  37|0x0000000082500000, 0x0000000082600000, 0x0000000082600000|100%| O|  |TAMS 0x0000000082600000, 0x0000000082500000| Untracked 
|  38|0x0000000082600000, 0x0000000082700000, 0x0000000082700000|100%| O|  |TAMS 0x0000000082700000, 0x0000000082600000| Untracked 
|  39|0x0000000082700000, 0x0000000082800000, 0x0000000082800000|100%| O|  |TAMS 0x0000000082800000, 0x0000000082700000| Untracked 
|  40|0x0000000082800000, 0x0000000082900000, 0x0000000082900000|100%| O|  |TAMS 0x0000000082900000, 0x0000000082800000| Untracked 
|  41|0x0000000082900000, 0x0000000082a00000, 0x0000000082a00000|100%|HS|  |TAMS 0x0000000082900000, 0x0000000082900000| Complete 
|  42|0x0000000082a00000, 0x0000000082b00000, 0x0000000082b00000|100%|HS|  |TAMS 0x0000000082b00000, 0x0000000082a00000| Complete 
|  43|0x0000000082b00000, 0x0000000082c00000, 0x0000000082c00000|100%|HC|  |TAMS 0x0000000082c00000, 0x0000000082b00000| Complete 
|  44|0x0000000082c00000, 0x0000000082d00000, 0x0000000082d00000|100%|HC|  |TAMS 0x0000000082d00000, 0x0000000082c00000| Complete 
|  45|0x0000000082d00000, 0x0000000082e00000, 0x0000000082e00000|100%|HS|  |TAMS 0x0000000082e00000, 0x0000000082d00000| Complete 
|  46|0x0000000082e00000, 0x0000000082f00000, 0x0000000082f00000|100%|HC|  |TAMS 0x0000000082f00000, 0x0000000082e00000| Complete 
|  47|0x0000000082f00000, 0x0000000083000000, 0x0000000083000000|100%|HC|  |TAMS 0x0000000083000000, 0x0000000082f00000| Complete 
|  48|0x0000000083000000, 0x0000000083100000, 0x0000000083100000|100%| O|  |TAMS 0x0000000083000000, 0x0000000083000000| Untracked 
|  49|0x0000000083100000, 0x0000000083200000, 0x0000000083200000|100%| O|  |TAMS 0x0000000083100000, 0x0000000083100000| Untracked 
|  50|0x0000000083200000, 0x0000000083300000, 0x0000000083300000|100%| O|  |TAMS 0x0000000083300000, 0x0000000083200000| Untracked 
|  51|0x0000000083300000, 0x0000000083400000, 0x0000000083400000|100%| O|  |TAMS 0x0000000083400000, 0x0000000083300000| Untracked 
|  52|0x0000000083400000, 0x0000000083500000, 0x0000000083500000|100%|HS|  |TAMS 0x0000000083400000, 0x0000000083400000| Complete 
|  53|0x0000000083500000, 0x0000000083600000, 0x0000000083600000|100%| O|  |TAMS 0x0000000083500000, 0x0000000083500000| Untracked 
|  54|0x0000000083600000, 0x0000000083700000, 0x0000000083700000|100%| O|  |TAMS 0x0000000083700000, 0x0000000083600000| Untracked 
|  55|0x0000000083700000, 0x0000000083800000, 0x0000000083800000|100%| O|  |TAMS 0x0000000083800000, 0x0000000083700000| Untracked 
|  56|0x0000000083800000, 0x0000000083900000, 0x0000000083900000|100%| O|  |TAMS 0x0000000083900000, 0x0000000083800000| Untracked 
|  57|0x0000000083900000, 0x0000000083a00000, 0x0000000083a00000|100%| O|  |TAMS 0x0000000083a00000, 0x0000000083900000| Untracked 
|  58|0x0000000083a00000, 0x0000000083b00000, 0x0000000083b00000|100%| O|  |TAMS 0x0000000083b00000, 0x0000000083a00000| Untracked 
|  59|0x0000000083b00000, 0x0000000083c00000, 0x0000000083c00000|100%| O|  |TAMS 0x0000000083c00000, 0x0000000083b00000| Untracked 
|  60|0x0000000083c00000, 0x0000000083d00000, 0x0000000083d00000|100%| O|  |TAMS 0x0000000083d00000, 0x0000000083c00000| Untracked 
|  61|0x0000000083d00000, 0x0000000083e00000, 0x0000000083e00000|100%| O|  |TAMS 0x0000000083e00000, 0x0000000083d00000| Untracked 
|  62|0x0000000083e00000, 0x0000000083f00000, 0x0000000083f00000|100%| O|  |TAMS 0x0000000083f00000, 0x0000000083e00000| Untracked 
|  63|0x0000000083f00000, 0x0000000084000000, 0x0000000084000000|100%| O|  |TAMS 0x0000000084000000, 0x0000000083f00000| Untracked 
|  64|0x0000000084000000, 0x0000000084100000, 0x0000000084100000|100%| O|  |TAMS 0x0000000084100000, 0x0000000084000000| Untracked 
|  65|0x0000000084100000, 0x0000000084200000, 0x0000000084200000|100%| O|  |TAMS 0x0000000084200000, 0x0000000084100000| Untracked 
|  66|0x0000000084200000, 0x0000000084300000, 0x0000000084300000|100%| O|  |TAMS 0x0000000084300000, 0x0000000084200000| Untracked 
|  67|0x0000000084300000, 0x0000000084400000, 0x0000000084400000|100%| O|  |TAMS 0x0000000084400000, 0x0000000084300000| Untracked 
|  68|0x0000000084400000, 0x0000000084500000, 0x0000000084500000|100%| O|  |TAMS 0x0000000084500000, 0x0000000084400000| Untracked 
|  69|0x0000000084500000, 0x0000000084600000, 0x0000000084600000|100%| O|  |TAMS 0x0000000084600000, 0x0000000084500000| Untracked 
|  70|0x0000000084600000, 0x0000000084700000, 0x0000000084700000|100%| O|  |TAMS 0x0000000084700000, 0x0000000084600000| Untracked 
|  71|0x0000000084700000, 0x0000000084800000, 0x0000000084800000|100%| O|  |TAMS 0x0000000084800000, 0x0000000084700000| Untracked 
|  72|0x0000000084800000, 0x0000000084900000, 0x0000000084900000|100%| O|  |TAMS 0x0000000084900000, 0x0000000084800000| Untracked 
|  73|0x0000000084900000, 0x0000000084a00000, 0x0000000084a00000|100%|HS|  |TAMS 0x0000000084a00000, 0x0000000084900000| Complete 
|  74|0x0000000084a00000, 0x0000000084b00000, 0x0000000084b00000|100%|HS|  |TAMS 0x0000000084b00000, 0x0000000084a00000| Complete 
|  75|0x0000000084b00000, 0x0000000084c00000, 0x0000000084c00000|100%|HS|  |TAMS 0x0000000084c00000, 0x0000000084b00000| Complete 
|  76|0x0000000084c00000, 0x0000000084d00000, 0x0000000084d00000|100%|HS|  |TAMS 0x0000000084d00000, 0x0000000084c00000| Complete 
|  77|0x0000000084d00000, 0x0000000084e00000, 0x0000000084e00000|100%|HS|  |TAMS 0x0000000084e00000, 0x0000000084d00000| Complete 
|  78|0x0000000084e00000, 0x0000000084f00000, 0x0000000084f00000|100%|HS|  |TAMS 0x0000000084f00000, 0x0000000084e00000| Complete 
|  79|0x0000000084f00000, 0x0000000085000000, 0x0000000085000000|100%| O|  |TAMS 0x0000000085000000, 0x0000000084f00000| Untracked 
|  80|0x0000000085000000, 0x0000000085100000, 0x0000000085100000|100%| O|  |TAMS 0x0000000085100000, 0x0000000085000000| Untracked 
|  81|0x0000000085100000, 0x0000000085200000, 0x0000000085200000|100%| O|  |TAMS 0x0000000085200000, 0x0000000085100000| Untracked 
|  82|0x0000000085200000, 0x0000000085300000, 0x0000000085300000|100%| O|  |TAMS 0x0000000085300000, 0x0000000085200000| Untracked 
|  83|0x0000000085300000, 0x0000000085400000, 0x0000000085400000|100%| O|  |TAMS 0x0000000085400000, 0x0000000085300000| Untracked 
|  84|0x0000000085400000, 0x0000000085500000, 0x0000000085500000|100%| O|  |TAMS 0x0000000085500000, 0x0000000085400000| Untracked 
|  85|0x0000000085500000, 0x0000000085600000, 0x0000000085600000|100%| O|  |TAMS 0x0000000085600000, 0x0000000085500000| Untracked 
|  86|0x0000000085600000, 0x0000000085700000, 0x0000000085700000|100%| O|  |TAMS 0x0000000085700000, 0x0000000085600000| Untracked 
|  87|0x0000000085700000, 0x0000000085700000, 0x0000000085800000|  0%| F|  |TAMS 0x0000000085700000, 0x0000000085700000| Untracked 
|  88|0x0000000085800000, 0x0000000085900000, 0x0000000085900000|100%| O|  |TAMS 0x0000000085900000, 0x0000000085800000| Untracked 
|  89|0x0000000085900000, 0x0000000085a00000, 0x0000000085a00000|100%| O|  |TAMS 0x0000000085a00000, 0x0000000085900000| Untracked 
|  90|0x0000000085a00000, 0x0000000085b00000, 0x0000000085b00000|100%| O|  |TAMS 0x0000000085b00000, 0x0000000085a00000| Untracked 
|  91|0x0000000085b00000, 0x0000000085c00000, 0x0000000085c00000|100%|HS|  |TAMS 0x0000000085c00000, 0x0000000085b00000| Complete 
|  92|0x0000000085c00000, 0x0000000085d00000, 0x0000000085d00000|100%|HC|  |TAMS 0x0000000085d00000, 0x0000000085c00000| Complete 
|  93|0x0000000085d00000, 0x0000000085e00000, 0x0000000085e00000|100%|HC|  |TAMS 0x0000000085e00000, 0x0000000085d00000| Complete 
|  94|0x0000000085e00000, 0x0000000085f00000, 0x0000000085f00000|100%| O|  |TAMS 0x0000000085f00000, 0x0000000085e00000| Untracked 
|  95|0x0000000085f00000, 0x0000000086000000, 0x0000000086000000|100%|HS|  |TAMS 0x0000000086000000, 0x0000000085f00000| Complete 
|  96|0x0000000086000000, 0x0000000086100000, 0x0000000086100000|100%| O|  |TAMS 0x0000000086100000, 0x0000000086000000| Untracked 
|  97|0x0000000086100000, 0x0000000086200000, 0x0000000086200000|100%| O|  |TAMS 0x0000000086200000, 0x0000000086100000| Untracked 
|  98|0x0000000086200000, 0x0000000086300000, 0x0000000086300000|100%| O|  |TAMS 0x0000000086300000, 0x0000000086200000| Untracked 
|  99|0x0000000086300000, 0x0000000086400000, 0x0000000086400000|100%| O|  |TAMS 0x0000000086400000, 0x0000000086300000| Untracked 
| 100|0x0000000086400000, 0x0000000086500000, 0x0000000086500000|100%| O|  |TAMS 0x0000000086500000, 0x0000000086400000| Untracked 
| 101|0x0000000086500000, 0x0000000086600000, 0x0000000086600000|100%| O|  |TAMS 0x0000000086600000, 0x0000000086500000| Untracked 
| 102|0x0000000086600000, 0x0000000086700000, 0x0000000086700000|100%| O|  |TAMS 0x0000000086700000, 0x0000000086600000| Untracked 
| 103|0x0000000086700000, 0x0000000086800000, 0x0000000086800000|100%| O|  |TAMS 0x0000000086800000, 0x0000000086700000| Untracked 
| 104|0x0000000086800000, 0x0000000086900000, 0x0000000086900000|100%| O|  |TAMS 0x0000000086900000, 0x0000000086800000| Untracked 
| 105|0x0000000086900000, 0x0000000086a00000, 0x0000000086a00000|100%| O|  |TAMS 0x0000000086a00000, 0x0000000086900000| Untracked 
| 106|0x0000000086a00000, 0x0000000086b00000, 0x0000000086b00000|100%| O|  |TAMS 0x0000000086b00000, 0x0000000086a00000| Untracked 
| 107|0x0000000086b00000, 0x0000000086c00000, 0x0000000086c00000|100%| O|  |TAMS 0x0000000086c00000, 0x0000000086b00000| Untracked 
| 108|0x0000000086c00000, 0x0000000086d00000, 0x0000000086d00000|100%| O|  |TAMS 0x0000000086d00000, 0x0000000086c00000| Untracked 
| 109|0x0000000086d00000, 0x0000000086e00000, 0x0000000086e00000|100%| O|  |TAMS 0x0000000086e00000, 0x0000000086d00000| Untracked 
| 110|0x0000000086e00000, 0x0000000086f00000, 0x0000000086f00000|100%| O|  |TAMS 0x0000000086f00000, 0x0000000086e00000| Untracked 
| 111|0x0000000086f00000, 0x0000000087000000, 0x0000000087000000|100%| O|  |TAMS 0x0000000087000000, 0x0000000086f00000| Untracked 
| 112|0x0000000087000000, 0x0000000087100000, 0x0000000087100000|100%| O|  |TAMS 0x0000000087100000, 0x0000000087000000| Untracked 
| 113|0x0000000087100000, 0x0000000087200000, 0x0000000087200000|100%| O|  |TAMS 0x0000000087200000, 0x0000000087100000| Untracked 
| 114|0x0000000087200000, 0x0000000087300000, 0x0000000087300000|100%| O|  |TAMS 0x0000000087300000, 0x0000000087200000| Untracked 
| 115|0x0000000087300000, 0x0000000087400000, 0x0000000087400000|100%| O|  |TAMS 0x0000000087400000, 0x0000000087300000| Untracked 
| 116|0x0000000087400000, 0x0000000087500000, 0x0000000087500000|100%| O|  |TAMS 0x0000000087500000, 0x0000000087400000| Untracked 
| 117|0x0000000087500000, 0x0000000087600000, 0x0000000087600000|100%| O|  |TAMS 0x0000000087600000, 0x0000000087500000| Untracked 
| 118|0x0000000087600000, 0x0000000087700000, 0x0000000087700000|100%| O|  |TAMS 0x0000000087618200, 0x0000000087600000| Untracked 
| 119|0x0000000087700000, 0x0000000087800000, 0x0000000087800000|100%| O|  |TAMS 0x0000000087700000, 0x0000000087700000| Untracked 
| 120|0x0000000087800000, 0x0000000087900000, 0x0000000087900000|100%| O|  |TAMS 0x0000000087800000, 0x0000000087800000| Untracked 
| 121|0x0000000087900000, 0x0000000087a00000, 0x0000000087a00000|100%| O|  |TAMS 0x0000000087900000, 0x0000000087900000| Untracked 
| 122|0x0000000087a00000, 0x0000000087b00000, 0x0000000087b00000|100%| O|  |TAMS 0x0000000087a00000, 0x0000000087a00000| Untracked 
| 123|0x0000000087b00000, 0x0000000087c00000, 0x0000000087c00000|100%| O|  |TAMS 0x0000000087b00000, 0x0000000087b00000| Untracked 
| 124|0x0000000087c00000, 0x0000000087d00000, 0x0000000087d00000|100%| O|  |TAMS 0x0000000087c00000, 0x0000000087c00000| Untracked 
| 125|0x0000000087d00000, 0x0000000087e00000, 0x0000000087e00000|100%| O|  |TAMS 0x0000000087d00000, 0x0000000087d00000| Untracked 
| 126|0x0000000087e00000, 0x0000000087f00000, 0x0000000087f00000|100%| O|  |TAMS 0x0000000087e00000, 0x0000000087e00000| Untracked 
| 127|0x0000000087f00000, 0x0000000088000000, 0x0000000088000000|100%|HS|  |TAMS 0x0000000087f00000, 0x0000000087f00000| Complete 
| 128|0x0000000088000000, 0x0000000088100000, 0x0000000088100000|100%|HC|  |TAMS 0x0000000088000000, 0x0000000088000000| Complete 
| 129|0x0000000088100000, 0x0000000088200000, 0x0000000088200000|100%| O|  |TAMS 0x0000000088100000, 0x0000000088100000| Untracked 
| 130|0x0000000088200000, 0x0000000088300000, 0x0000000088300000|100%| O|  |TAMS 0x0000000088200000, 0x0000000088200000| Untracked 
| 131|0x0000000088300000, 0x0000000088400000, 0x0000000088400000|100%| O|  |TAMS 0x0000000088300000, 0x0000000088300000| Untracked 
| 132|0x0000000088400000, 0x0000000088500000, 0x0000000088500000|100%| O|  |TAMS 0x0000000088400000, 0x0000000088400000| Untracked 
| 133|0x0000000088500000, 0x00000000885da200, 0x0000000088600000| 85%| O|  |TAMS 0x0000000088500000, 0x0000000088500000| Untracked 
| 134|0x0000000088600000, 0x0000000088600000, 0x0000000088700000|  0%| F|  |TAMS 0x0000000088600000, 0x0000000088600000| Untracked 
| 135|0x0000000088700000, 0x0000000088700000, 0x0000000088800000|  0%| F|  |TAMS 0x0000000088700000, 0x0000000088700000| Untracked 
| 136|0x0000000088800000, 0x0000000088800000, 0x0000000088900000|  0%| F|  |TAMS 0x0000000088800000, 0x0000000088800000| Untracked 
| 137|0x0000000088900000, 0x0000000088900000, 0x0000000088a00000|  0%| F|  |TAMS 0x0000000088900000, 0x0000000088900000| Untracked 
| 138|0x0000000088a00000, 0x0000000088a00000, 0x0000000088b00000|  0%| F|  |TAMS 0x0000000088a00000, 0x0000000088a00000| Untracked 
| 139|0x0000000088b00000, 0x0000000088b00000, 0x0000000088c00000|  0%| F|  |TAMS 0x0000000088b00000, 0x0000000088b00000| Untracked 
| 140|0x0000000088c00000, 0x0000000088c00000, 0x0000000088d00000|  0%| F|  |TAMS 0x0000000088c00000, 0x0000000088c00000| Untracked 
| 141|0x0000000088d00000, 0x0000000088d00000, 0x0000000088e00000|  0%| F|  |TAMS 0x0000000088d00000, 0x0000000088d00000| Untracked 
| 142|0x0000000088e00000, 0x0000000088e00000, 0x0000000088f00000|  0%| F|  |TAMS 0x0000000088e00000, 0x0000000088e00000| Untracked 
| 143|0x0000000088f00000, 0x0000000088f00000, 0x0000000089000000|  0%| F|  |TAMS 0x0000000088f00000, 0x0000000088f00000| Untracked 
| 144|0x0000000089000000, 0x0000000089000000, 0x0000000089100000|  0%| F|  |TAMS 0x0000000089000000, 0x0000000089000000| Untracked 
| 145|0x0000000089100000, 0x0000000089100000, 0x0000000089200000|  0%| F|  |TAMS 0x0000000089100000, 0x0000000089100000| Untracked 
| 146|0x0000000089200000, 0x0000000089200000, 0x0000000089300000|  0%| F|  |TAMS 0x0000000089200000, 0x0000000089200000| Untracked 
| 147|0x0000000089300000, 0x0000000089300000, 0x0000000089400000|  0%| F|  |TAMS 0x0000000089300000, 0x0000000089300000| Untracked 
| 148|0x0000000089400000, 0x0000000089400000, 0x0000000089500000|  0%| F|  |TAMS 0x0000000089400000, 0x0000000089400000| Untracked 
| 149|0x0000000089500000, 0x0000000089500000, 0x0000000089600000|  0%| F|  |TAMS 0x0000000089500000, 0x0000000089500000| Untracked 
| 150|0x0000000089600000, 0x0000000089600000, 0x0000000089700000|  0%| F|  |TAMS 0x0000000089600000, 0x0000000089600000| Untracked 
| 151|0x0000000089700000, 0x0000000089700000, 0x0000000089800000|  0%| F|  |TAMS 0x0000000089700000, 0x0000000089700000| Untracked 
| 152|0x0000000089800000, 0x0000000089800000, 0x0000000089900000|  0%| F|  |TAMS 0x0000000089800000, 0x0000000089800000| Untracked 
| 153|0x0000000089900000, 0x0000000089900000, 0x0000000089a00000|  0%| F|  |TAMS 0x0000000089900000, 0x0000000089900000| Untracked 
| 154|0x0000000089a00000, 0x0000000089a00000, 0x0000000089b00000|  0%| F|  |TAMS 0x0000000089a00000, 0x0000000089a00000| Untracked 
| 155|0x0000000089b00000, 0x0000000089c00000, 0x0000000089c00000|100%| S|CS|TAMS 0x0000000089b00000, 0x0000000089b00000| Complete 
| 156|0x0000000089c00000, 0x0000000089d00000, 0x0000000089d00000|100%| S|CS|TAMS 0x0000000089c00000, 0x0000000089c00000| Complete 
| 157|0x0000000089d00000, 0x0000000089e00000, 0x0000000089e00000|100%| S|CS|TAMS 0x0000000089d00000, 0x0000000089d00000| Complete 
| 158|0x0000000089e00000, 0x0000000089f00000, 0x0000000089f00000|100%| S|CS|TAMS 0x0000000089e00000, 0x0000000089e00000| Complete 
| 159|0x0000000089f00000, 0x0000000089f00000, 0x000000008a000000|  0%| F|  |TAMS 0x0000000089f00000, 0x0000000089f00000| Untracked 
| 160|0x000000008a000000, 0x000000008a000000, 0x000000008a100000|  0%| F|  |TAMS 0x000000008a000000, 0x000000008a000000| Untracked 
| 161|0x000000008a100000, 0x000000008a100000, 0x000000008a200000|  0%| F|  |TAMS 0x000000008a100000, 0x000000008a100000| Untracked 
| 162|0x000000008a200000, 0x000000008a200000, 0x000000008a300000|  0%| F|  |TAMS 0x000000008a200000, 0x000000008a200000| Untracked 
| 163|0x000000008a300000, 0x000000008a300000, 0x000000008a400000|  0%| F|  |TAMS 0x000000008a300000, 0x000000008a300000| Untracked 
| 164|0x000000008a400000, 0x000000008a500000, 0x000000008a500000|100%| S|CS|TAMS 0x000000008a400000, 0x000000008a400000| Complete 
| 165|0x000000008a500000, 0x000000008a600000, 0x000000008a600000|100%| S|CS|TAMS 0x000000008a500000, 0x000000008a500000| Complete 
| 166|0x000000008a600000, 0x000000008a700000, 0x000000008a700000|100%| S|CS|TAMS 0x000000008a600000, 0x000000008a600000| Complete 
| 167|0x000000008a700000, 0x000000008a800000, 0x000000008a800000|100%| S|CS|TAMS 0x000000008a700000, 0x000000008a700000| Complete 
| 168|0x000000008a800000, 0x000000008a800000, 0x000000008a900000|  0%| F|  |TAMS 0x000000008a800000, 0x000000008a800000| Untracked 
| 169|0x000000008a900000, 0x000000008a900000, 0x000000008aa00000|  0%| F|  |TAMS 0x000000008a900000, 0x000000008a900000| Untracked 
| 170|0x000000008aa00000, 0x000000008aa00000, 0x000000008ab00000|  0%| F|  |TAMS 0x000000008aa00000, 0x000000008aa00000| Untracked 
| 171|0x000000008ab00000, 0x000000008ab00000, 0x000000008ac00000|  0%| F|  |TAMS 0x000000008ab00000, 0x000000008ab00000| Untracked 
| 172|0x000000008ac00000, 0x000000008ac00000, 0x000000008ad00000|  0%| F|  |TAMS 0x000000008ac00000, 0x000000008ac00000| Untracked 
| 173|0x000000008ad00000, 0x000000008ad00000, 0x000000008ae00000|  0%| F|  |TAMS 0x000000008ad00000, 0x000000008ad00000| Untracked 
| 174|0x000000008ae00000, 0x000000008ae00000, 0x000000008af00000|  0%| F|  |TAMS 0x000000008ae00000, 0x000000008ae00000| Untracked 
| 175|0x000000008af00000, 0x000000008af00000, 0x000000008b000000|  0%| F|  |TAMS 0x000000008af00000, 0x000000008af00000| Untracked 
| 176|0x000000008b000000, 0x000000008b000000, 0x000000008b100000|  0%| F|  |TAMS 0x000000008b000000, 0x000000008b000000| Untracked 
| 177|0x000000008b100000, 0x000000008b100000, 0x000000008b200000|  0%| F|  |TAMS 0x000000008b100000, 0x000000008b100000| Untracked 
| 178|0x000000008b200000, 0x000000008b200000, 0x000000008b300000|  0%| F|  |TAMS 0x000000008b200000, 0x000000008b200000| Untracked 
| 179|0x000000008b300000, 0x000000008b300000, 0x000000008b400000|  0%| F|  |TAMS 0x000000008b300000, 0x000000008b300000| Untracked 
| 180|0x000000008b400000, 0x000000008b400000, 0x000000008b500000|  0%| F|  |TAMS 0x000000008b400000, 0x000000008b400000| Untracked 
| 181|0x000000008b500000, 0x000000008b500000, 0x000000008b600000|  0%| F|  |TAMS 0x000000008b500000, 0x000000008b500000| Untracked 
| 182|0x000000008b600000, 0x000000008b600000, 0x000000008b700000|  0%| F|  |TAMS 0x000000008b600000, 0x000000008b600000| Untracked 
| 183|0x000000008b700000, 0x000000008b700000, 0x000000008b800000|  0%| F|  |TAMS 0x000000008b700000, 0x000000008b700000| Untracked 
| 184|0x000000008b800000, 0x000000008b800000, 0x000000008b900000|  0%| F|  |TAMS 0x000000008b800000, 0x000000008b800000| Untracked 
| 185|0x000000008b900000, 0x000000008b900000, 0x000000008ba00000|  0%| F|  |TAMS 0x000000008b900000, 0x000000008b900000| Untracked 
| 186|0x000000008ba00000, 0x000000008ba00000, 0x000000008bb00000|  0%| F|  |TAMS 0x000000008ba00000, 0x000000008ba00000| Untracked 
| 187|0x000000008bb00000, 0x000000008bb00000, 0x000000008bc00000|  0%| F|  |TAMS 0x000000008bb00000, 0x000000008bb00000| Untracked 
| 188|0x000000008bc00000, 0x000000008bc00000, 0x000000008bd00000|  0%| F|  |TAMS 0x000000008bc00000, 0x000000008bc00000| Untracked 
| 189|0x000000008bd00000, 0x000000008bd00000, 0x000000008be00000|  0%| F|  |TAMS 0x000000008bd00000, 0x000000008bd00000| Untracked 
| 190|0x000000008be00000, 0x000000008be00000, 0x000000008bf00000|  0%| F|  |TAMS 0x000000008be00000, 0x000000008be00000| Untracked 
| 191|0x000000008bf00000, 0x000000008bf00000, 0x000000008c000000|  0%| F|  |TAMS 0x000000008bf00000, 0x000000008bf00000| Untracked 
| 192|0x000000008c000000, 0x000000008c000000, 0x000000008c100000|  0%| F|  |TAMS 0x000000008c000000, 0x000000008c000000| Untracked 
| 193|0x000000008c100000, 0x000000008c100000, 0x000000008c200000|  0%| F|  |TAMS 0x000000008c100000, 0x000000008c100000| Untracked 
| 194|0x000000008c200000, 0x000000008c200000, 0x000000008c300000|  0%| F|  |TAMS 0x000000008c200000, 0x000000008c200000| Untracked 
| 195|0x000000008c300000, 0x000000008c300000, 0x000000008c400000|  0%| F|  |TAMS 0x000000008c300000, 0x000000008c300000| Untracked 
| 196|0x000000008c400000, 0x000000008c400000, 0x000000008c500000|  0%| F|  |TAMS 0x000000008c400000, 0x000000008c400000| Untracked 
| 197|0x000000008c500000, 0x000000008c500000, 0x000000008c600000|  0%| F|  |TAMS 0x000000008c500000, 0x000000008c500000| Untracked 
| 198|0x000000008c600000, 0x000000008c600000, 0x000000008c700000|  0%| F|  |TAMS 0x000000008c600000, 0x000000008c600000| Untracked 
| 199|0x000000008c700000, 0x000000008c700000, 0x000000008c800000|  0%| F|  |TAMS 0x000000008c700000, 0x000000008c700000| Untracked 
| 200|0x000000008c800000, 0x000000008c800000, 0x000000008c900000|  0%| F|  |TAMS 0x000000008c800000, 0x000000008c800000| Untracked 
| 201|0x000000008c900000, 0x000000008c900000, 0x000000008ca00000|  0%| F|  |TAMS 0x000000008c900000, 0x000000008c900000| Untracked 
| 202|0x000000008ca00000, 0x000000008ca00000, 0x000000008cb00000|  0%| F|  |TAMS 0x000000008ca00000, 0x000000008ca00000| Untracked 
| 203|0x000000008cb00000, 0x000000008cb00000, 0x000000008cc00000|  0%| F|  |TAMS 0x000000008cb00000, 0x000000008cb00000| Untracked 
| 204|0x000000008cc00000, 0x000000008cc00000, 0x000000008cd00000|  0%| F|  |TAMS 0x000000008cc00000, 0x000000008cc00000| Untracked 
| 205|0x000000008cd00000, 0x000000008cd00000, 0x000000008ce00000|  0%| F|  |TAMS 0x000000008cd00000, 0x000000008cd00000| Untracked 
| 206|0x000000008ce00000, 0x000000008ce00000, 0x000000008cf00000|  0%| F|  |TAMS 0x000000008ce00000, 0x000000008ce00000| Untracked 
| 207|0x000000008cf00000, 0x000000008cf00000, 0x000000008d000000|  0%| F|  |TAMS 0x000000008cf00000, 0x000000008cf00000| Untracked 
| 208|0x000000008d000000, 0x000000008d000000, 0x000000008d100000|  0%| F|  |TAMS 0x000000008d000000, 0x000000008d000000| Untracked 
| 209|0x000000008d100000, 0x000000008d100000, 0x000000008d200000|  0%| F|  |TAMS 0x000000008d100000, 0x000000008d100000| Untracked 
| 210|0x000000008d200000, 0x000000008d200000, 0x000000008d300000|  0%| F|  |TAMS 0x000000008d200000, 0x000000008d200000| Untracked 
| 211|0x000000008d300000, 0x000000008d300000, 0x000000008d400000|  0%| F|  |TAMS 0x000000008d300000, 0x000000008d300000| Untracked 
| 212|0x000000008d400000, 0x000000008d400000, 0x000000008d500000|  0%| F|  |TAMS 0x000000008d400000, 0x000000008d400000| Untracked 
| 213|0x000000008d500000, 0x000000008d500000, 0x000000008d600000|  0%| F|  |TAMS 0x000000008d500000, 0x000000008d500000| Untracked 
| 214|0x000000008d600000, 0x000000008d600000, 0x000000008d700000|  0%| F|  |TAMS 0x000000008d600000, 0x000000008d600000| Untracked 
| 215|0x000000008d700000, 0x000000008d700000, 0x000000008d800000|  0%| F|  |TAMS 0x000000008d700000, 0x000000008d700000| Untracked 
| 216|0x000000008d800000, 0x000000008d800000, 0x000000008d900000|  0%| F|  |TAMS 0x000000008d800000, 0x000000008d800000| Untracked 
| 217|0x000000008d900000, 0x000000008d900000, 0x000000008da00000|  0%| F|  |TAMS 0x000000008d900000, 0x000000008d900000| Untracked 
| 218|0x000000008da00000, 0x000000008da00000, 0x000000008db00000|  0%| F|  |TAMS 0x000000008da00000, 0x000000008da00000| Untracked 
| 219|0x000000008db00000, 0x000000008db00000, 0x000000008dc00000|  0%| F|  |TAMS 0x000000008db00000, 0x000000008db00000| Untracked 
| 220|0x000000008dc00000, 0x000000008dc00000, 0x000000008dd00000|  0%| F|  |TAMS 0x000000008dc00000, 0x000000008dc00000| Untracked 
| 221|0x000000008dd00000, 0x000000008dd00000, 0x000000008de00000|  0%| F|  |TAMS 0x000000008dd00000, 0x000000008dd00000| Untracked 
| 222|0x000000008de00000, 0x000000008de00000, 0x000000008df00000|  0%| F|  |TAMS 0x000000008de00000, 0x000000008de00000| Untracked 
| 223|0x000000008df00000, 0x000000008df00000, 0x000000008e000000|  0%| F|  |TAMS 0x000000008df00000, 0x000000008df00000| Untracked 
| 224|0x000000008e000000, 0x000000008e000000, 0x000000008e100000|  0%| F|  |TAMS 0x000000008e000000, 0x000000008e000000| Untracked 
| 225|0x000000008e100000, 0x000000008e100000, 0x000000008e200000|  0%| F|  |TAMS 0x000000008e100000, 0x000000008e100000| Untracked 
| 226|0x000000008e200000, 0x000000008e200000, 0x000000008e300000|  0%| F|  |TAMS 0x000000008e200000, 0x000000008e200000| Untracked 

Card table byte_map: [0x000001d829150000,0x000001d829550000] _byte_map_base: 0x000001d828d50000

Marking Bits (Prev, Next): (CMBitMap*) 0x000001d8119e3500, (CMBitMap*) 0x000001d8119e34c0
 Prev Bits: [0x000001d82b950000, 0x000001d82d950000)
 Next Bits: [0x000001d829950000, 0x000001d82b950000)

Polling page: 0x000001d80ff00000

Metaspace:

Usage:
  Non-class:     87.96 MB used.
      Class:     14.30 MB used.
       Both:    102.26 MB used.

Virtual space:
  Non-class space:      128.00 MB reserved,      88.50 MB ( 69%) committed,  2 nodes.
      Class space:      416.00 MB reserved,      14.75 MB (  4%) committed,  1 nodes.
             Both:      544.00 MB reserved,     103.25 MB ( 19%) committed. 

Chunk freelists:
   Non-Class:  7.22 MB
       Class:  1.25 MB
        Both:  8.47 MB

MaxMetaspaceSize: 512.00 MB
CompressedClassSpaceSize: 416.00 MB
Initial GC threshold: 21.00 MB
Current GC threshold: 171.88 MB
CDS: on
MetaspaceReclaimPolicy: balanced
 - commit_granule_bytes: 65536.
 - commit_granule_words: 8192.
 - virtual_space_node_default_size: 8388608.
 - enlarge_chunks_in_place: 1.
 - new_chunks_are_fully_committed: 0.
 - uncommit_free_chunks: 1.
 - use_allocation_guard: 0.
 - handle_deallocations: 1.


Internal statistics:

num_allocs_failed_limit: 12.
num_arena_births: 1366.
num_arena_deaths: 0.
num_vsnodes_births: 3.
num_vsnodes_deaths: 0.
num_space_committed: 1652.
num_space_uncommitted: 0.
num_chunks_returned_to_freelist: 12.
num_chunks_taken_from_freelist: 6060.
num_chunk_merges: 12.
num_chunk_splits: 3919.
num_chunks_enlarged: 2495.
num_inconsistent_stats: 0.

CodeHeap 'non-profiled nmethods': size=120000Kb used=8081Kb max_used=8081Kb free=111918Kb
 bounds [0x000001d820dc0000, 0x000001d8215b0000, 0x000001d8282f0000]
CodeHeap 'profiled nmethods': size=120000Kb used=24116Kb max_used=24116Kb free=95883Kb
 bounds [0x000001d8192f0000, 0x000001d81aa80000, 0x000001d820820000]
CodeHeap 'non-nmethods': size=5760Kb used=2460Kb max_used=2529Kb free=3299Kb
 bounds [0x000001d820820000, 0x000001d820ab0000, 0x000001d820dc0000]
 total_blobs=12977 nmethods=11988 adapters=901
 compilation: enabled
              stopped_count=0, restarted_count=0
 full_count=0

Compilation events (20 events):
Event: 24.397 Thread 0x000001d8303a4840 nmethod 13687 0x000001d8215a3190 code [0x000001d8215a3320, 0x000001d8215a33f8]
Event: 24.399 Thread 0x000001d855fa5290 13688       4       groovy.lang.MetaClassImpl::addToAllMethodsIfPublic (22 bytes)
Event: 24.405 Thread 0x000001d8303a4840 13690       3       org.codehaus.groovy.reflection.ClassInfo::replaceWeakMetaClassRef (19 bytes)
Event: 24.406 Thread 0x000001d8303a4840 nmethod 13690 0x000001d81aa78410 code [0x000001d81aa785e0, 0x000001d81aa78998]
Event: 24.408 Thread 0x000001d8303a4840 13691       3       groovyjarjarasm.asm.Frame::merge (395 bytes)
Event: 24.409 Thread 0x000001d855fa5290 nmethod 13688 0x000001d8215a3490 code [0x000001d8215a3640, 0x000001d8215a3f18]
Event: 24.409 Thread 0x000001d855fa5290 13689       4       java.lang.ref.SoftReference::<init> (13 bytes)
Event: 24.409 Thread 0x000001d8303a4840 nmethod 13691 0x000001d81aa78b10 code [0x000001d81aa78dc0, 0x000001d81aa79c38]
Event: 24.409 Thread 0x000001d8303a4840 13693       3       groovy.lang.MetaBeanProperty::getProperty (64 bytes)
Event: 24.410 Thread 0x000001d8303a4840 nmethod 13693 0x000001d81aa7a290 code [0x000001d81aa7a4e0, 0x000001d81aa7ad78]
Event: 24.410 Thread 0x000001d8303a4840 13692       3       groovyjarjarasm.asm.Frame::pop (53 bytes)
Event: 24.411 Thread 0x000001d8303a4840 nmethod 13692 0x000001d81aa7b090 code [0x000001d81aa7b2e0, 0x000001d81aa7bab8]
Event: 24.411 Thread 0x000001d855fa5290 nmethod 13689 0x000001d8215a4210 code [0x000001d8215a4380, 0x000001d8215a45d8]
Event: 24.413 Thread 0x000001d8303a4840 13694       3       org.apache.tools.ant.PropertyHelper::getDelegates (24 bytes)
Event: 24.413 Thread 0x000001d8303a4840 nmethod 13694 0x000001d81aa7be10 code [0x000001d81aa7bfc0, 0x000001d81aa7c348]
Event: 24.413 Thread 0x000001d8303a4840 13695  s    3       java.util.Hashtable::containsKey (65 bytes)
Event: 24.413 Thread 0x000001d8303a4840 nmethod 13695 0x000001d81aa7c490 code [0x000001d81aa7c660, 0x000001d81aa7cb98]
Event: 24.413 Thread 0x000001d8303a4840 13696       3       org.apache.tools.ant.Project::setPropertyInternal (12 bytes)
Event: 24.414 Thread 0x000001d8303a4840 nmethod 13696 0x000001d81aa7cd90 code [0x000001d81aa7cf40, 0x000001d81aa7d0d8]
Event: 24.415 Thread 0x000001d855fa5290 13697       4       org.codehaus.groovy.reflection.CachedClass$3$$Lambda$370/0x000001d8323b7d48::test (8 bytes)

GC Heap History (20 events):
Event: 20.514 GC heap after
{Heap after GC invocations=41 (full 0):
 garbage-first heap   total 189440K, used 114493K [0x0000000080000000, 0x0000000100000000)
  region size 1024K, 3 young (3072K), 3 survivors (3072K)
 Metaspace       used 92717K, committed 93632K, reserved 557056K
  class space    used 12844K, committed 13248K, reserved 425984K
}
Event: 21.035 GC heap before
{Heap before GC invocations=41 (full 0):
 garbage-first heap   total 189440K, used 159549K [0x0000000080000000, 0x0000000100000000)
  region size 1024K, 46 young (47104K), 3 survivors (3072K)
 Metaspace       used 95606K, committed 96512K, reserved 557056K
  class space    used 13352K, committed 13760K, reserved 425984K
}
Event: 21.038 GC heap after
{Heap after GC invocations=42 (full 0):
 garbage-first heap   total 189440K, used 115035K [0x0000000080000000, 0x0000000100000000)
  region size 1024K, 3 young (3072K), 3 survivors (3072K)
 Metaspace       used 95606K, committed 96512K, reserved 557056K
  class space    used 13352K, committed 13760K, reserved 425984K
}
Event: 21.532 GC heap before
{Heap before GC invocations=42 (full 0):
 garbage-first heap   total 189440K, used 160091K [0x0000000080000000, 0x0000000100000000)
  region size 1024K, 47 young (48128K), 3 survivors (3072K)
 Metaspace       used 98424K, committed 99328K, reserved 557056K
  class space    used 13733K, committed 14144K, reserved 425984K
}
Event: 21.535 GC heap after
{Heap after GC invocations=43 (full 0):
 garbage-first heap   total 189440K, used 116468K [0x0000000080000000, 0x0000000100000000)
  region size 1024K, 5 young (5120K), 5 survivors (5120K)
 Metaspace       used 98424K, committed 99328K, reserved 557056K
  class space    used 13733K, committed 14144K, reserved 425984K
}
Event: 21.773 GC heap before
{Heap before GC invocations=43 (full 0):
 garbage-first heap   total 189440K, used 133876K [0x0000000080000000, 0x0000000100000000)
  region size 1024K, 23 young (23552K), 5 survivors (5120K)
 Metaspace       used 99485K, committed 100416K, reserved 557056K
  class space    used 13886K, committed 14336K, reserved 425984K
}
Event: 21.778 GC heap after
{Heap after GC invocations=44 (full 0):
 garbage-first heap   total 189440K, used 117524K [0x0000000080000000, 0x0000000100000000)
  region size 1024K, 4 young (4096K), 4 survivors (4096K)
 Metaspace       used 99485K, committed 100416K, reserved 557056K
  class space    used 13886K, committed 14336K, reserved 425984K
}
Event: 22.433 GC heap before
{Heap before GC invocations=45 (full 0):
 garbage-first heap   total 208896K, used 159508K [0x0000000080000000, 0x0000000100000000)
  region size 1024K, 45 young (46080K), 4 survivors (4096K)
 Metaspace       used 100604K, committed 101568K, reserved 557056K
  class space    used 14104K, committed 14528K, reserved 425984K
}
Event: 22.441 GC heap after
{Heap after GC invocations=46 (full 0):
 garbage-first heap   total 208896K, used 120769K [0x0000000080000000, 0x0000000100000000)
  region size 1024K, 6 young (6144K), 6 survivors (6144K)
 Metaspace       used 100604K, committed 101568K, reserved 557056K
  class space    used 14104K, committed 14528K, reserved 425984K
}
Event: 22.500 GC heap before
{Heap before GC invocations=46 (full 0):
 garbage-first heap   total 208896K, used 124865K [0x0000000080000000, 0x0000000100000000)
  region size 1024K, 10 young (10240K), 6 survivors (6144K)
 Metaspace       used 100798K, committed 101824K, reserved 557056K
  class space    used 14133K, committed 14592K, reserved 425984K
}
Event: 22.506 GC heap after
{Heap after GC invocations=47 (full 0):
 garbage-first heap   total 208896K, used 118748K [0x0000000080000000, 0x0000000100000000)
  region size 1024K, 1 young (1024K), 1 survivors (1024K)
 Metaspace       used 100798K, committed 101824K, reserved 557056K
  class space    used 14133K, committed 14592K, reserved 425984K
}
Event: 23.346 GC heap before
{Heap before GC invocations=47 (full 0):
 garbage-first heap   total 208896K, used 175068K [0x0000000080000000, 0x0000000100000000)
  region size 1024K, 56 young (57344K), 1 survivors (1024K)
 Metaspace       used 104485K, committed 105472K, reserved 557056K
  class space    used 14620K, committed 15104K, reserved 425984K
}
Event: 23.352 GC heap after
{Heap after GC invocations=48 (full 0):
 garbage-first heap   total 208896K, used 125841K [0x0000000080000000, 0x0000000100000000)
  region size 1024K, 7 young (7168K), 7 survivors (7168K)
 Metaspace       used 104485K, committed 105472K, reserved 557056K
  class space    used 14620K, committed 15104K, reserved 425984K
}
Event: 23.637 GC heap before
{Heap before GC invocations=49 (full 0):
 garbage-first heap   total 232448K, used 172945K [0x0000000080000000, 0x0000000100000000)
  region size 1024K, 54 young (55296K), 7 survivors (7168K)
 Metaspace       used 104563K, committed 105600K, reserved 557056K
  class space    used 14620K, committed 15104K, reserved 425984K
}
Event: 23.643 GC heap after
{Heap after GC invocations=50 (full 0):
 garbage-first heap   total 232448K, used 129770K [0x0000000080000000, 0x0000000100000000)
  region size 1024K, 5 young (5120K), 5 survivors (5120K)
 Metaspace       used 104563K, committed 105600K, reserved 557056K
  class space    used 14620K, committed 15104K, reserved 425984K
}
Event: 23.665 GC heap before
{Heap before GC invocations=50 (full 0):
 garbage-first heap   total 232448K, used 134890K [0x0000000080000000, 0x0000000100000000)
  region size 1024K, 11 young (11264K), 5 survivors (5120K)
 Metaspace       used 104563K, committed 105600K, reserved 557056K
  class space    used 14620K, committed 15104K, reserved 425984K
}
Event: 23.670 GC heap after
{Heap after GC invocations=51 (full 0):
 garbage-first heap   total 232448K, used 128357K [0x0000000080000000, 0x0000000100000000)
  region size 1024K, 2 young (2048K), 2 survivors (2048K)
 Metaspace       used 104563K, committed 105600K, reserved 557056K
  class space    used 14620K, committed 15104K, reserved 425984K
}
Event: 23.892 GC heap before
{Heap before GC invocations=51 (full 0):
 garbage-first heap   total 232448K, used 189797K [0x0000000080000000, 0x0000000100000000)
  region size 1024K, 63 young (64512K), 2 survivors (2048K)
 Metaspace       used 104565K, committed 105600K, reserved 557056K
  class space    used 14620K, committed 15104K, reserved 425984K
}
Event: 23.896 GC heap after
{Heap after GC invocations=52 (full 0):
 garbage-first heap   total 232448K, used 131178K [0x0000000080000000, 0x0000000100000000)
  region size 1024K, 5 young (5120K), 5 survivors (5120K)
 Metaspace       used 104565K, committed 105600K, reserved 557056K
  class space    used 14620K, committed 15104K, reserved 425984K
}
Event: 24.416 GC heap before
{Heap before GC invocations=52 (full 0):
 garbage-first heap   total 232448K, used 195690K [0x0000000080000000, 0x0000000100000000)
  region size 1024K, 64 young (65536K), 5 survivors (5120K)
 Metaspace       used 104719K, committed 105728K, reserved 557056K
  class space    used 14643K, committed 15104K, reserved 425984K
}

Deoptimization events (20 events):
Event: 24.085 Thread 0x000001d8305c47f0 Uncommon trap: trap_request=0xffffff45 fr.pc=0x000001d8213eecd0 relative=0x0000000000000270
Event: 24.085 Thread 0x000001d8305c47f0 Uncommon trap: reason=unstable_if action=reinterpret pc=0x000001d8213eecd0 method=org.gradle.internal.reflect.PropertyAccessorType.of(Ljava/lang/reflect/Method;)Lorg/gradle/internal/reflect/PropertyAccessorType; @ 74 c2
Event: 24.085 Thread 0x000001d8305c47f0 DEOPT PACKING pc=0x000001d8213eecd0 sp=0x000000bec10f9750
Event: 24.085 Thread 0x000001d8305c47f0 DEOPT UNPACKING pc=0x000001d820875ba3 sp=0x000000bec10f9710 mode 2
Event: 24.090 Thread 0x000001d8305c47f0 Uncommon trap: trap_request=0xffffff45 fr.pc=0x000001d821511d4c relative=0x000000000000050c
Event: 24.090 Thread 0x000001d8305c47f0 Uncommon trap: reason=unstable_if action=reinterpret pc=0x000001d821511d4c method=groovy.lang.MetaClassImpl.filterPropertyMethod(Ljava/lang/Object;ZZ)Ljava/lang/Object; @ 80 c2
Event: 24.090 Thread 0x000001d8305c47f0 DEOPT PACKING pc=0x000001d821511d4c sp=0x000000bec10f8e60
Event: 24.090 Thread 0x000001d8305c47f0 DEOPT UNPACKING pc=0x000001d820875ba3 sp=0x000000bec10f8dc0 mode 2
Event: 24.175 Thread 0x000001d8305c47f0 DEOPT PACKING pc=0x000001d81a79cff3 sp=0x000000bec10f6b70
Event: 24.175 Thread 0x000001d8305c47f0 DEOPT UNPACKING pc=0x000001d8208766e3 sp=0x000000bec10f6090 mode 0
Event: 24.205 Thread 0x000001d8305c47f0 DEOPT PACKING pc=0x000001d81a79cff3 sp=0x000000bec10f6b70
Event: 24.205 Thread 0x000001d8305c47f0 DEOPT UNPACKING pc=0x000001d8208766e3 sp=0x000000bec10f6090 mode 0
Event: 24.251 Thread 0x000001d8305c47f0 DEOPT PACKING pc=0x000001d81a79cff3 sp=0x000000bec10f6b70
Event: 24.251 Thread 0x000001d8305c47f0 DEOPT UNPACKING pc=0x000001d8208766e3 sp=0x000000bec10f6090 mode 0
Event: 24.286 Thread 0x000001d8305c47f0 DEOPT PACKING pc=0x000001d81a79cff3 sp=0x000000bec10f6b70
Event: 24.286 Thread 0x000001d8305c47f0 DEOPT UNPACKING pc=0x000001d8208766e3 sp=0x000000bec10f6090 mode 0
Event: 24.393 Thread 0x000001d8305c47f0 Uncommon trap: trap_request=0xffffff45 fr.pc=0x000001d82107c878 relative=0x0000000000000ad8
Event: 24.393 Thread 0x000001d8305c47f0 Uncommon trap: reason=unstable_if action=reinterpret pc=0x000001d82107c878 method=java.lang.ClassLoader.loadClass(Ljava/lang/String;Z)Ljava/lang/Class; @ 29 c2
Event: 24.393 Thread 0x000001d8305c47f0 DEOPT PACKING pc=0x000001d82107c878 sp=0x000000bec10f2000
Event: 24.393 Thread 0x000001d8305c47f0 DEOPT UNPACKING pc=0x000001d820875ba3 sp=0x000000bec10f1fc8 mode 2

Classes unloaded (0 events):
No events

Classes redefined (0 events):
No events

Internal exceptions (20 events):
Event: 23.163 Thread 0x000001d8305c47f0 Exception <a 'java/lang/ClassNotFoundException'{0x00000000899b1af0}: build_5biegetbcc3bxkp3kio5v8b6gBeanInfo> (0x00000000899b1af0) 
thrown [s\open\src\hotspot\share\classfile\systemDictionary.cpp, line 256]
Event: 23.164 Thread 0x000001d8305c47f0 Exception <a 'java/lang/ClassNotFoundException'{0x00000000899b9080}: build_5biegetbcc3bxkp3kio5v8b6gCustomizer> (0x00000000899b9080) 
thrown [s\open\src\hotspot\share\classfile\systemDictionary.cpp, line 256]
Event: 24.088 Thread 0x000001d8305c47f0 Exception <a 'java/lang/ClassNotFoundException'{0x000000008b8c06a0}: build_5biegetbcc3bxkp3kio5v8b6gBeanInfo> (0x000000008b8c06a0) 
thrown [s\open\src\hotspot\share\classfile\systemDictionary.cpp, line 256]
Event: 24.089 Thread 0x000001d8305c47f0 Exception <a 'java/lang/ClassNotFoundException'{0x000000008b8c7bc8}: build_5biegetbcc3bxkp3kio5v8b6gCustomizer> (0x000000008b8c7bc8) 
thrown [s\open\src\hotspot\share\classfile\systemDictionary.cpp, line 256]
Event: 24.359 Thread 0x000001d8305c47f0 Exception <a 'java/lang/ClassNotFoundException'{0x000000008ab20818}: com/android/VersionBeanInfo> (0x000000008ab20818) 
thrown [s\open\src\hotspot\share\classfile\systemDictionary.cpp, line 256]
Event: 24.360 Thread 0x000001d8305c47f0 Exception <a 'java/lang/ClassNotFoundException'{0x000000008ab2ecb0}: com/android/VersionCustomizer> (0x000000008ab2ecb0) 
thrown [s\open\src\hotspot\share\classfile\systemDictionary.cpp, line 256]
Event: 24.374 Thread 0x000001d8305c47f0 Exception <a 'java/lang/ClassNotFoundException'{0x000000008aa80a28}: com/android/build/gradle/internal/dsl/LibraryBuildFeaturesImpl_DecoratedBeanInfo> (0x000000008aa80a28) 
thrown [s\open\src\hotspot\share\classfile\systemDictionary.cpp, line 256]
Event: 24.374 Thread 0x000001d8305c47f0 Exception <a 'java/lang/ClassNotFoundException'{0x000000008aa93138}: com/android/build/gradle/internal/dsl/LibraryBuildFeaturesImplBeanInfo> (0x000000008aa93138) 
thrown [s\open\src\hotspot\share\classfile\systemDictionary.cpp, line 256]
Event: 24.375 Thread 0x000001d8305c47f0 Exception <a 'java/lang/ClassNotFoundException'{0x000000008aaa5780}: com/android/build/gradle/internal/dsl/BuildFeaturesImplBeanInfo> (0x000000008aaa5780) 
thrown [s\open\src\hotspot\share\classfile\systemDictionary.cpp, line 256]
Event: 24.376 Thread 0x000001d8305c47f0 Exception <a 'java/lang/ClassNotFoundException'{0x000000008aab7df8}: com/android/build/gradle/internal/dsl/BuildFeaturesImplCustomizer> (0x000000008aab7df8) 
thrown [s\open\src\hotspot\share\classfile\systemDictionary.cpp, line 256]
Event: 24.378 Thread 0x000001d8305c47f0 Exception <a 'java/lang/ClassNotFoundException'{0x000000008aad63d8}: com/android/build/gradle/internal/dsl/LibraryBuildFeaturesImplCustomizer> (0x000000008aad63d8) 
thrown [s\open\src\hotspot\share\classfile\systemDictionary.cpp, line 256]
Event: 24.379 Thread 0x000001d8305c47f0 Exception <a 'java/lang/ClassNotFoundException'{0x000000008aaf1ad0}: com/android/build/gradle/internal/dsl/LibraryBuildFeaturesImpl_DecoratedCustomizer> (0x000000008aaf1ad0) 
thrown [s\open\src\hotspot\share\classfile\systemDictionary.cpp, line 256]
Event: 24.387 Thread 0x000001d8305c47f0 Exception <a 'java/lang/ClassNotFoundException'{0x000000008a97a0d0}: build_5biegetbcc3bxkp3kio5v8b6g$_run_closure1BeanInfo> (0x000000008a97a0d0) 
thrown [s\open\src\hotspot\share\classfile\systemDictionary.cpp, line 256]
Event: 24.388 Thread 0x000001d8305c47f0 Exception <a 'java/lang/ClassNotFoundException'{0x000000008a987c88}: build_5biegetbcc3bxkp3kio5v8b6g$_run_closure1Customizer> (0x000000008a987c88) 
thrown [s\open\src\hotspot\share\classfile\systemDictionary.cpp, line 256]
Event: 24.391 Thread 0x000001d8305c47f0 Exception <a 'java/lang/ClassNotFoundException'{0x000000008a9ae5e8}: java/lang/BooleanBeanInfo> (0x000000008a9ae5e8) 
thrown [s\open\src\hotspot\share\classfile\systemDictionary.cpp, line 256]
Event: 24.391 Thread 0x000001d8305c47f0 Exception <a 'java/lang/ClassNotFoundException'{0x000000008a9ba710}: java/lang/BooleanCustomizer> (0x000000008a9ba710) 
thrown [s\open\src\hotspot\share\classfile\systemDictionary.cpp, line 256]
Event: 24.400 Thread 0x000001d8305c47f0 Exception <a 'java/lang/ClassNotFoundException'{0x000000008a814bc8}: com/android/build/gradle/internal/dsl/NdkOptions_DecoratedBeanInfo> (0x000000008a814bc8) 
thrown [s\open\src\hotspot\share\classfile\systemDictionary.cpp, line 256]
Event: 24.401 Thread 0x000001d8305c47f0 Exception <a 'java/lang/ClassNotFoundException'{0x000000008a828ab8}: com/android/build/gradle/internal/dsl/NdkOptionsBeanInfo> (0x000000008a828ab8) 
thrown [s\open\src\hotspot\share\classfile\systemDictionary.cpp, line 256]
Event: 24.401 Thread 0x000001d8305c47f0 Exception <a 'java/lang/ClassNotFoundException'{0x000000008a83c9c8}: com/android/build/gradle/internal/dsl/NdkOptionsCustomizer> (0x000000008a83c9c8) 
thrown [s\open\src\hotspot\share\classfile\systemDictionary.cpp, line 256]
Event: 24.403 Thread 0x000001d8305c47f0 Exception <a 'java/lang/ClassNotFoundException'{0x000000008a8647b8}: com/android/build/gradle/internal/dsl/NdkOptions_DecoratedCustomizer> (0x000000008a8647b8) 
thrown [s\open\src\hotspot\share\classfile\systemDictionary.cpp, line 256]

VM Operations (20 events):
Event: 22.596 Executing VM operation: HandshakeAllThreads done
Event: 22.673 Executing VM operation: HandshakeAllThreads
Event: 22.674 Executing VM operation: HandshakeAllThreads done
Event: 22.934 Executing VM operation: HandshakeAllThreads
Event: 22.934 Executing VM operation: HandshakeAllThreads done
Event: 23.162 Executing VM operation: ICBufferFull
Event: 23.162 Executing VM operation: ICBufferFull done
Event: 23.345 Executing VM operation: G1CollectForAllocation
Event: 23.352 Executing VM operation: G1CollectForAllocation done
Event: 23.478 Executing VM operation: G1Concurrent
Event: 23.485 Executing VM operation: G1Concurrent done
Event: 23.537 Executing VM operation: G1Concurrent
Event: 23.537 Executing VM operation: G1Concurrent done
Event: 23.636 Executing VM operation: G1CollectForAllocation
Event: 23.644 Executing VM operation: G1CollectForAllocation done
Event: 23.665 Executing VM operation: G1CollectForAllocation
Event: 23.670 Executing VM operation: G1CollectForAllocation done
Event: 23.892 Executing VM operation: G1CollectForAllocation
Event: 23.897 Executing VM operation: G1CollectForAllocation done
Event: 24.416 Executing VM operation: G1CollectForAllocation

Events (20 events):
Event: 22.979 loading class com/sun/org/apache/xerces/internal/dom/DeepNodeListImpl
Event: 22.979 loading class com/sun/org/apache/xerces/internal/dom/DeepNodeListImpl done
Event: 22.979 loading class com/sun/org/apache/xerces/internal/dom/DeferredElementImpl
Event: 22.979 loading class com/sun/org/apache/xerces/internal/dom/DeferredElementImpl done
Event: 22.980 loading class com/sun/org/apache/xerces/internal/dom/AttributeMap
Event: 22.980 loading class com/sun/org/apache/xerces/internal/dom/NamedNodeMapImpl
Event: 22.981 loading class com/sun/org/apache/xerces/internal/dom/NamedNodeMapImpl done
Event: 22.981 loading class com/sun/org/apache/xerces/internal/dom/AttributeMap done
Event: 22.981 loading class com/sun/org/apache/xerces/internal/dom/DeferredAttrImpl
Event: 22.981 loading class com/sun/org/apache/xerces/internal/dom/AttrImpl
Event: 22.981 loading class com/sun/org/apache/xerces/internal/dom/AttrImpl done
Event: 22.981 loading class com/sun/org/apache/xerces/internal/dom/DeferredAttrImpl done
Event: 24.390 loading class java/lang/BooleanBeanInfo
Event: 24.390 loading class java/lang/BooleanBeanInfo done
Event: 24.391 loading class java/lang/BooleanBeanInfo
Event: 24.391 loading class java/lang/BooleanBeanInfo done
Event: 24.391 loading class java/lang/BooleanCustomizer
Event: 24.391 loading class java/lang/BooleanCustomizer done
Event: 24.391 loading class java/lang/BooleanCustomizer
Event: 24.391 loading class java/lang/BooleanCustomizer done


Dynamic libraries:
0x00007ff690ec0000 - 0x00007ff690ed0000 	C:\Program Files\Java\jdk-17\bin\java.exe
0x00007ffad7b40000 - 0x00007ffad7da5000 	C:\WINDOWS\SYSTEM32\ntdll.dll
0x00007ffad7870000 - 0x00007ffad7939000 	C:\WINDOWS\System32\KERNEL32.DLL
0x00007ffad54f0000 - 0x00007ffad58d8000 	C:\WINDOWS\System32\KERNELBASE.dll
0x00007ffad4c90000 - 0x00007ffad4ddb000 	C:\WINDOWS\System32\ucrtbase.dll
0x00007ffa81cc0000 - 0x00007ffa81cd9000 	C:\Program Files\Java\jdk-17\bin\jli.dll
0x00007ffa8dea0000 - 0x00007ffa8debb000 	C:\Program Files\Java\jdk-17\bin\VCRUNTIME140.dll
0x00007ffad7340000 - 0x00007ffad73f3000 	C:\WINDOWS\System32\ADVAPI32.dll
0x00007ffad7a40000 - 0x00007ffad7ae9000 	C:\WINDOWS\System32\msvcrt.dll
0x00007ffad6810000 - 0x00007ffad68b6000 	C:\WINDOWS\System32\sechost.dll
0x00007ffad59e0000 - 0x00007ffad5af5000 	C:\WINDOWS\System32\RPCRT4.dll
0x00007ffad6c90000 - 0x00007ffad6e5a000 	C:\WINDOWS\System32\USER32.dll
0x00007ffab7620000 - 0x00007ffab78ba000 	C:\WINDOWS\WinSxS\amd64_microsoft.windows.common-controls_6595b64144ccf1df_6.0.26100.4202_none_3e0698d4e335f517\COMCTL32.dll
0x00007ffad4e70000 - 0x00007ffad4e97000 	C:\WINDOWS\System32\win32u.dll
0x00007ffad76b0000 - 0x00007ffad76db000 	C:\WINDOWS\System32\GDI32.dll
0x00007ffad5250000 - 0x00007ffad5387000 	C:\WINDOWS\System32\gdi32full.dll
0x00007ffad51a0000 - 0x00007ffad5243000 	C:\WINDOWS\System32\msvcp_win.dll
0x00007ffac81c0000 - 0x00007ffac81cb000 	C:\WINDOWS\SYSTEM32\VERSION.dll
0x00007ffad7740000 - 0x00007ffad7770000 	C:\WINDOWS\System32\IMM32.DLL
0x00007ffacf410000 - 0x00007ffacf41c000 	C:\Program Files\Java\jdk-17\bin\vcruntime140_1.dll
0x00007ffa62370000 - 0x00007ffa623fe000 	C:\Program Files\Java\jdk-17\bin\msvcp140.dll
0x00007ffa2ca30000 - 0x00007ffa2d610000 	C:\Program Files\Java\jdk-17\bin\server\jvm.dll
0x00007ffad7af0000 - 0x00007ffad7af8000 	C:\WINDOWS\System32\PSAPI.DLL
0x00007ffabebb0000 - 0x00007ffabebe5000 	C:\WINDOWS\SYSTEM32\WINMM.dll
0x00007ffabda90000 - 0x00007ffabda9a000 	C:\WINDOWS\SYSTEM32\WSOCK32.dll
0x00007ffad5bb0000 - 0x00007ffad5c24000 	C:\WINDOWS\System32\WS2_32.dll
0x00007ffad3a40000 - 0x00007ffad3a5b000 	C:\WINDOWS\SYSTEM32\kernel.appcore.dll
0x00007ffab1bb0000 - 0x00007ffab1bba000 	C:\Program Files\Java\jdk-17\bin\jimage.dll
0x00007ffad1ed0000 - 0x00007ffad2111000 	C:\WINDOWS\SYSTEM32\DBGHELP.DLL
0x00007ffad6e60000 - 0x00007ffad71e5000 	C:\WINDOWS\System32\combase.dll
0x00007ffad7780000 - 0x00007ffad7861000 	C:\WINDOWS\System32\OLEAUT32.dll
0x00007ffac20b0000 - 0x00007ffac20e9000 	C:\WINDOWS\SYSTEM32\dbgcore.DLL
0x00007ffad5450000 - 0x00007ffad54e9000 	C:\WINDOWS\System32\bcryptPrimitives.dll
0x00007ffacebd0000 - 0x00007ffacebde000 	C:\Program Files\Java\jdk-17\bin\instrument.dll
0x00007ffa63970000 - 0x00007ffa63995000 	C:\Program Files\Java\jdk-17\bin\java.dll
0x00007ffa615a0000 - 0x00007ffa61677000 	C:\Program Files\Java\jdk-17\bin\jsvml.dll
0x00007ffad5c30000 - 0x00007ffad6372000 	C:\WINDOWS\System32\SHELL32.dll
0x00007ffad4ea0000 - 0x00007ffad5014000 	C:\WINDOWS\System32\wintypes.dll
0x00007ffad28c0000 - 0x00007ffad3118000 	C:\WINDOWS\SYSTEM32\windows.storage.dll
0x00007ffad58e0000 - 0x00007ffad59d1000 	C:\WINDOWS\System32\SHCORE.dll
0x00007ffad7200000 - 0x00007ffad726a000 	C:\WINDOWS\System32\shlwapi.dll
0x00007ffad4ba0000 - 0x00007ffad4bcf000 	C:\WINDOWS\SYSTEM32\profapi.dll
0x00007ffacf420000 - 0x00007ffacf438000 	C:\Program Files\Java\jdk-17\bin\zip.dll
0x00007ffa66890000 - 0x00007ffa668a9000 	C:\Program Files\Java\jdk-17\bin\net.dll
0x00007ffacc6f0000 - 0x00007ffacc80e000 	C:\WINDOWS\SYSTEM32\WINHTTP.dll
0x00007ffad4050000 - 0x00007ffad40ba000 	C:\WINDOWS\system32\mswsock.dll
0x00007ffa667b0000 - 0x00007ffa667c6000 	C:\Program Files\Java\jdk-17\bin\nio.dll
0x00007ffacf380000 - 0x00007ffacf390000 	C:\Program Files\Java\jdk-17\bin\verify.dll
0x00007ffacebe0000 - 0x00007ffacec07000 	C:\Users\akhil\.gradle\native\1def1411415f61bf3af743bc5b6707747c0891f09f0c88961ee8f79bc544acac\windows-amd64\native-platform.dll
0x00007ffab6d00000 - 0x00007ffab6d78000 	C:\Users\akhil\.gradle\native\0.2.7\x86_64-windows-gnu\gradle-fileevents.dll
0x00007ffaaa160000 - 0x00007ffaaa16a000 	C:\Program Files\Java\jdk-17\bin\management.dll
0x00007ffaa9ff0000 - 0x00007ffaa9ffb000 	C:\Program Files\Java\jdk-17\bin\management_ext.dll
0x00007ffad34f0000 - 0x00007ffad3523000 	C:\WINDOWS\SYSTEM32\IPHLPAPI.DLL
0x00007ffad71f0000 - 0x00007ffad71fa000 	C:\WINDOWS\System32\NSI.dll
0x00007ffacc910000 - 0x00007ffacc92f000 	C:\WINDOWS\SYSTEM32\dhcpcsvc6.DLL
0x00007ffacc8e0000 - 0x00007ffacc905000 	C:\WINDOWS\SYSTEM32\dhcpcsvc.DLL
0x00007ffad3530000 - 0x00007ffad3657000 	C:\WINDOWS\SYSTEM32\DNSAPI.dll
0x00007ffad4390000 - 0x00007ffad43ab000 	C:\WINDOWS\SYSTEM32\CRYPTSP.dll
0x00007ffad39a0000 - 0x00007ffad39da000 	C:\WINDOWS\system32\rsaenh.dll
0x00007ffad4180000 - 0x00007ffad41ab000 	C:\WINDOWS\SYSTEM32\USERENV.dll
0x00007ffad4b70000 - 0x00007ffad4b96000 	C:\WINDOWS\SYSTEM32\bcrypt.dll
0x00007ffad43b0000 - 0x00007ffad43bc000 	C:\WINDOWS\SYSTEM32\CRYPTBASE.dll
0x00007ffaa9280000 - 0x00007ffaa928e000 	C:\Program Files\Java\jdk-17\bin\sunmscapi.dll
0x00007ffad5020000 - 0x00007ffad5197000 	C:\WINDOWS\System32\CRYPT32.dll
0x00007ffad45b0000 - 0x00007ffad45e0000 	C:\WINDOWS\SYSTEM32\ncrypt.dll
0x00007ffad4560000 - 0x00007ffad459f000 	C:\WINDOWS\SYSTEM32\NTASN1.dll
0x00007ffa4a980000 - 0x00007ffa4a988000 	C:\WINDOWS\system32\wshunix.dll

dbghelp: loaded successfully - version: 4.0.5 - missing functions: none
symbol engine: initialized successfully - sym options: 0x614 - pdb path: .;C:\Program Files\Java\jdk-17\bin;C:\WINDOWS\SYSTEM32;C:\WINDOWS\WinSxS\amd64_microsoft.windows.common-controls_6595b64144ccf1df_6.0.26100.4202_none_3e0698d4e335f517;C:\Program Files\Java\jdk-17\bin\server;C:\Users\akhil\.gradle\native\1def1411415f61bf3af743bc5b6707747c0891f09f0c88961ee8f79bc544acac\windows-amd64;C:\Users\akhil\.gradle\native\0.2.7\x86_64-windows-gnu

VM Arguments:
jvm_args: --add-opens=java.base/java.lang=ALL-UNNAMED --add-opens=java.base/java.lang.invoke=ALL-UNNAMED --add-opens=java.base/java.util=ALL-UNNAMED --add-opens=java.prefs/java.util.prefs=ALL-UNNAMED --add-exports=jdk.compiler/com.sun.tools.javac.api=ALL-UNNAMED --add-exports=jdk.compiler/com.sun.tools.javac.util=ALL-UNNAMED --add-opens=java.base/java.util=ALL-UNNAMED --add-opens=java.prefs/java.util.prefs=ALL-UNNAMED --add-opens=java.base/java.nio.charset=ALL-UNNAMED --add-opens=java.base/java.net=ALL-UNNAMED --add-opens=java.base/java.util.concurrent.atomic=ALL-UNNAMED --add-opens=java.xml/javax.xml.namespace=ALL-UNNAMED -XX:MaxMetaspaceSize=512m -Xmx2048m -Dfile.encoding=windows-1252 -Duser.country=IN -Duser.language=en -Duser.variant -javaagent:C:\Users\akhil\.gradle\wrapper\dists\gradle-8.14.1-bin\baw1sv0jfoi8rxs14qo3h49cs\gradle-8.14.1\lib\agents\gradle-instrumentation-agent-8.14.1.jar 
java_command: org.gradle.launcher.daemon.bootstrap.GradleDaemon 8.14.1
java_class_path (initial): C:\Users\akhil\.gradle\wrapper\dists\gradle-8.14.1-bin\baw1sv0jfoi8rxs14qo3h49cs\gradle-8.14.1\lib\gradle-daemon-main-8.14.1.jar
Launcher Type: SUN_STANDARD

[Global flags]
     intx CICompilerCount                          = 4                                         {product} {ergonomic}
   size_t CompressedClassSpaceSize                 = 436207616                                 {product} {ergonomic}
     uint ConcGCThreads                            = 2                                         {product} {ergonomic}
     uint G1ConcRefinementThreads                  = 8                                         {product} {ergonomic}
   size_t G1HeapRegionSize                         = 1048576                                   {product} {ergonomic}
    uintx GCDrainStackTargetSize                   = 64                                        {product} {ergonomic}
   size_t InitialHeapSize                          = 132120576                                 {product} {ergonomic}
   size_t MarkStackSize                            = 4194304                                   {product} {ergonomic}
   size_t MaxHeapSize                              = 2147483648                                {product} {command line}
   size_t MaxMetaspaceSize                         = 536870912                                 {product} {command line}
   size_t MaxNewSize                               = 1287651328                                {product} {ergonomic}
   size_t MinHeapDeltaBytes                        = 1048576                                   {product} {ergonomic}
   size_t MinHeapSize                              = 8388608                                   {product} {ergonomic}
    uintx NonNMethodCodeHeapSize                   = 5839372                                {pd product} {ergonomic}
    uintx NonProfiledCodeHeapSize                  = 122909434                              {pd product} {ergonomic}
    uintx ProfiledCodeHeapSize                     = 122909434                              {pd product} {ergonomic}
    uintx ReservedCodeCacheSize                    = 251658240                              {pd product} {ergonomic}
     bool SegmentedCodeCache                       = true                                      {product} {ergonomic}
   size_t SoftMaxHeapSize                          = 2147483648                             {manageable} {ergonomic}
     bool UseCompressedClassPointers               = true                           {product lp64_product} {ergonomic}
     bool UseCompressedOops                        = true                           {product lp64_product} {ergonomic}
     bool UseG1GC                                  = true                                      {product} {ergonomic}
     bool UseLargePagesIndividualAllocation        = false                                  {pd product} {ergonomic}

Logging:
Log output configuration:
 #0: stdout all=warning uptime,level,tags
 #1: stderr all=off uptime,level,tags

Environment Variables:
JAVA_HOME=C:\Program Files\Java\jdk-17
PATH=C:\Program Files\Common Files\Oracle\Java\javapath;C:\Program Files\Microsoft\jdk-11.0.12.7-hotspot\bin;C:\Windows\system32;C:\Windows;C:\Windows\System32\Wbem;C:\Windows\System32\WindowsPowerShell\v1.0\;C:\Windows\System32\OpenSSH\;C:\Program Files\dotnet\;C:\Program Files\Microsoft SQL Server\Client SDK\ODBC\170\Tools\Binn\;C:\Program Files\Microsoft SQL Server\Client SDK\ODBC\130\Tools\Binn\;C:\Program Files (x86)\Microsoft SQL Server\140\Tools\Binn\;C:\Program Files\Microsoft SQL Server\140\Tools\Binn\;C:\Program Files\Microsoft SQL Server\140\DTS\Binn\;C:\Program Files\Azure Data Studio\bin;C:\ProgramData\chocolatey\bin;C:\WINDOWS\system32;C:\WINDOWS;C:\WINDOWS\System32\Wbem;C:\WINDOWS\System32\WindowsPowerShell\v1.0\;C:\WINDOWS\System32\OpenSSH\;C:\Program Files\nodejs\;C:\Users\akhil\AppData\Local\Android\Sdk\platform-tools;C:\Program Files\Git\cmd;C:\Users\akhil\AppData\Local\Microsoft\WindowsApps;C:\Users\akhil\.dotnet\tools;C:\Program Files\Azure Data Studio\bin;C:\Users\akhil\AppData\Local\Programs\Microsoft VS Code\bin;C:\Users\akhil\AppData\Roaming\npm;
USERNAME=akhil
LANG=en_US.UTF-8
OS=Windows_NT
PROCESSOR_IDENTIFIER=Intel64 Family 6 Model 140 Stepping 1, GenuineIntel



---------------  S Y S T E M  ---------------

OS:
 Windows 11 , 64 bit Build 26100 (10.0.26100.4202)
OS uptime: 0 days 19:37 hours
Hyper-V role detected

CPU: total 8 (initial active 8) (4 cores per cpu, 2 threads per core) family 6 model 140 stepping 1 microcode 0x86, cx8, cmov, fxsr, ht, mmx, 3dnowpref, sse, sse2, sse3, ssse3, sse4.1, sse4.2, popcnt, lzcnt, tsc, tscinvbit, avx, avx2, aes, erms, clmul, bmi1, bmi2, adx, avx512f, avx512dq, avx512cd, avx512bw, avx512vl, sha, fma, vzeroupper, avx512_vpopcntdq, avx512_vpclmulqdq, avx512_vaes, avx512_vnni, clflush, clflushopt, clwb, avx512_vbmi2, avx512_vbmi, hv

Memory: 4k page, system-wide physical 7987M (574M free)
TotalPageFile size 32563M (AvailPageFile size 156M)
current process WorkingSet (physical memory assigned to process): 469M, peak: 524M
current process commit charge ("private bytes"): 558M, peak: 808M

vm_info: Java HotSpot(TM) 64-Bit Server VM (17.0.12+8-LTS-286) for windows-amd64 JRE (17.0.12+8-LTS-286), built on Jun  5 2024 06:46:59 by "mach5one" with MS VC++ 17.6 (VS2022)

END.
