#
# There is insufficient memory for the Java Runtime Environment to continue.
# Native memory allocation (mmap) failed to map 132120576 bytes for G1 virtual space
# Possible reasons:
#   The system is out of physical RAM or swap space
#   The process is running with CompressedOops enabled, and the Java Heap may be blocking the growth of the native heap
# Possible solutions:
#   Reduce memory load on the system
#   Increase physical memory or swap space
#   Check if swap backing store is full
#   Decrease Java heap size (-Xmx/-Xms)
#   Decrease number of Java threads
#   Decrease Java thread stack sizes (-Xss)
#   Set larger code cache with -XX:ReservedCodeCacheSize=
#   JVM is running with Unscaled Compressed Oops mode in which the Java heap is
#     placed in the first 4GB address space. The Java Heap base address is the
#     maximum limit for the native heap growth. Please use -XX:HeapBaseMinAddress
#     to set the Java Heap base and to place the Java Heap above 4GB virtual address.
# This output file may be truncated or incomplete.
#
#  Out of Memory Error (os_windows.cpp:3548), pid=20112, tid=22408
#
# JRE version:  (17.0.12+8) (build )
# Java VM: Java HotSpot(TM) 64-Bit Server VM (17.0.12+8-LTS-286, mixed mode, sharing, tiered, compressed oops, compressed class ptrs, g1 gc, windows-amd64)
# No core dump will be written. Minidumps are not enabled by default on client versions of Windows
#

---------------  S U M M A R Y ------------

Command Line: com.google.prefab.cli.AppKt --build-system cmake --platform android --abi arm64-v8a --os-version 24 --stl c++_shared --ndk-version 27 --output C:\\Users\\akhil\\AppData\\Local\\Temp\\agp-prefab-staging3429293994088309721\\staged-cli-output C:\\Users\\akhil\\.gradle\\caches\\8.14.1\\transforms\\1d221509c521a46e74f6572064742339\\transformed\\react-android-0.80.1-debug\\prefab C:\\Users\\akhil\\.gradle\\caches\\8.14.1\\transforms\\816951bc71efb4c99db481b15113489d\\transformed\\hermes-android-0.80.1-debug\\prefab C:\\Users\\akhil\\.gradle\\caches\\8.14.1\\transforms\\b6a6ccfe82730aba80016e7d9940f54a\\transformed\\fbjni-0.7.0\\prefab

Host: 11th Gen Intel(R) Core(TM) i5-1135G7 @ 2.40GHz, 8 cores, 7G,  Windows 11 , 64 bit Build 26100 (10.0.26100.4202)
Time: Sun Jul  6 23:56:25 2025 India Standard Time elapsed time: 2.137379 seconds (0d 0h 0m 2s)

---------------  T H R E A D  ---------------

Current thread (0x0000029549915e70):  JavaThread "Unknown thread" [_thread_in_vm, id=22408, stack(0x000000b5c9a00000,0x000000b5c9b00000)]

Stack: [0x000000b5c9a00000,0x000000b5c9b00000]
Native frames: (J=compiled Java code, j=interpreted, Vv=VM code, C=native code)
V  [jvm.dll+0x67a04a]
V  [jvm.dll+0x7da4ed]
V  [jvm.dll+0x7dbe33]
V  [jvm.dll+0x7dc4a3]
V  [jvm.dll+0x24508f]
V  [jvm.dll+0x677089]
V  [jvm.dll+0x66bd32]
V  [jvm.dll+0x301fa6]
V  [jvm.dll+0x309546]
V  [jvm.dll+0x359d2e]
V  [jvm.dll+0x359f5f]
V  [jvm.dll+0x2d9078]
V  [jvm.dll+0x2d9fe4]
V  [jvm.dll+0x7aca21]
V  [jvm.dll+0x367591]
V  [jvm.dll+0x78b999]
V  [jvm.dll+0x3ec83f]
V  [jvm.dll+0x3ee471]
C  [jli.dll+0x5297]
C  [ucrtbase.dll+0x37b0]
C  [KERNEL32.DLL+0x2e8d7]
C  [ntdll.dll+0x3c34c]


---------------  P R O C E S S  ---------------

Threads class SMR info:
_java_thread_list=0x00007ffa2d4e7a18, length=0, elements={
}

Java Threads: ( => current thread )

Other Threads:
  0x000002954996f9d0 GCTaskThread "GC Thread#0" [stack: 0x000000b5c9c00000,0x000000b5c9d00000] [id=11076]
  0x0000029549981200 ConcurrentGCThread "G1 Main Marker" [stack: 0x000000b5c9d00000,0x000000b5c9e00000] [id=22348]
  0x0000029549983800 ConcurrentGCThread "G1 Conc#0" [stack: 0x000000b5c9e00000,0x000000b5c9f00000] [id=13948]

[error occurred during error reporting (printing all threads), id 0xc0000005, EXCEPTION_ACCESS_VIOLATION (0xc0000005) at pc=0x00007ffa2cd19b67]

VM state: not at safepoint (not fully initialized)

VM Mutex/Monitor currently owned by a thread:  ([mutex/lock_event])
[0x000002954990f6d0] Heap_lock - owner thread: 0x0000029549915e70

Heap address: 0x0000000083200000, size: 1998 MB, Compressed Oops mode: 32-bit

CDS archive(s) mapped at: [0x0000000000000000-0x0000000000000000-0x0000000000000000), size 0, SharedBaseAddress: 0x0000000800000000, ArchiveRelocationMode: 1.
Narrow klass base: 0x0000000000000000, Narrow klass shift: 0, Narrow klass range: 0x0

GC Precious Log:
<Empty>

Heap:
 garbage-first heap   total 0K, used 0K [0x0000000083200000, 0x0000000100000000)
  region size 1024K, 0 young (0K), 0 survivors (0K)

[error occurred during error reporting (printing heap information), id 0xc0000005, EXCEPTION_ACCESS_VIOLATION (0xc0000005) at pc=0x00007ffa2d103859]

GC Heap History (0 events):
No events

Deoptimization events (0 events):
No events

Classes unloaded (0 events):
No events

Classes redefined (0 events):
No events

Internal exceptions (0 events):
No events

VM Operations (0 events):
No events

Events (1 events):
Event: 0.041 Loaded shared library C:\Program Files\Java\jdk-17\bin\java.dll


Dynamic libraries:
0x00007ff690ec0000 - 0x00007ff690ed0000 	C:\Program Files\Java\jdk-17\bin\java.exe
0x00007ffad7b40000 - 0x00007ffad7da5000 	C:\WINDOWS\SYSTEM32\ntdll.dll
0x00007ffad7870000 - 0x00007ffad7939000 	C:\WINDOWS\System32\KERNEL32.DLL
0x00007ffad54f0000 - 0x00007ffad58d8000 	C:\WINDOWS\System32\KERNELBASE.dll
0x00007ffad4c90000 - 0x00007ffad4ddb000 	C:\WINDOWS\System32\ucrtbase.dll
0x00007ffa81cc0000 - 0x00007ffa81cd9000 	C:\Program Files\Java\jdk-17\bin\jli.dll
0x00007ffad7340000 - 0x00007ffad73f3000 	C:\WINDOWS\System32\ADVAPI32.dll
0x00007ffad7a40000 - 0x00007ffad7ae9000 	C:\WINDOWS\System32\msvcrt.dll
0x00007ffad6810000 - 0x00007ffad68b6000 	C:\WINDOWS\System32\sechost.dll
0x00007ffad59e0000 - 0x00007ffad5af5000 	C:\WINDOWS\System32\RPCRT4.dll
0x00007ffad6c90000 - 0x00007ffad6e5a000 	C:\WINDOWS\System32\USER32.dll
0x00007ffad4e70000 - 0x00007ffad4e97000 	C:\WINDOWS\System32\win32u.dll
0x00007ffad76b0000 - 0x00007ffad76db000 	C:\WINDOWS\System32\GDI32.dll
0x00007ffad5250000 - 0x00007ffad5387000 	C:\WINDOWS\System32\gdi32full.dll
0x00007ffad51a0000 - 0x00007ffad5243000 	C:\WINDOWS\System32\msvcp_win.dll
0x00007ffa8dea0000 - 0x00007ffa8debb000 	C:\Program Files\Java\jdk-17\bin\VCRUNTIME140.dll
0x00007ffab7620000 - 0x00007ffab78ba000 	C:\WINDOWS\WinSxS\amd64_microsoft.windows.common-controls_6595b64144ccf1df_6.0.26100.4202_none_3e0698d4e335f517\COMCTL32.dll
0x00007ffac81c0000 - 0x00007ffac81cb000 	C:\WINDOWS\SYSTEM32\VERSION.dll
0x00007ffad7740000 - 0x00007ffad7770000 	C:\WINDOWS\System32\IMM32.DLL
0x00007ffacf410000 - 0x00007ffacf41c000 	C:\Program Files\Java\jdk-17\bin\vcruntime140_1.dll
0x00007ffa62370000 - 0x00007ffa623fe000 	C:\Program Files\Java\jdk-17\bin\msvcp140.dll
0x00007ffa2ca30000 - 0x00007ffa2d610000 	C:\Program Files\Java\jdk-17\bin\server\jvm.dll
0x00007ffad7af0000 - 0x00007ffad7af8000 	C:\WINDOWS\System32\PSAPI.DLL
0x00007ffabda90000 - 0x00007ffabda9a000 	C:\WINDOWS\SYSTEM32\WSOCK32.dll
0x00007ffad5bb0000 - 0x00007ffad5c24000 	C:\WINDOWS\System32\WS2_32.dll
0x00007ffabebb0000 - 0x00007ffabebe5000 	C:\WINDOWS\SYSTEM32\WINMM.dll
0x00007ffad3a40000 - 0x00007ffad3a5b000 	C:\WINDOWS\SYSTEM32\kernel.appcore.dll
0x00007ffab1bb0000 - 0x00007ffab1bba000 	C:\Program Files\Java\jdk-17\bin\jimage.dll
0x00007ffad1ed0000 - 0x00007ffad2111000 	C:\WINDOWS\SYSTEM32\DBGHELP.DLL
0x00007ffad6e60000 - 0x00007ffad71e5000 	C:\WINDOWS\System32\combase.dll
0x00007ffad7780000 - 0x00007ffad7861000 	C:\WINDOWS\System32\OLEAUT32.dll
0x00007ffac20b0000 - 0x00007ffac20e9000 	C:\WINDOWS\SYSTEM32\dbgcore.DLL
0x00007ffad5450000 - 0x00007ffad54e9000 	C:\WINDOWS\System32\bcryptPrimitives.dll
0x00007ffa63970000 - 0x00007ffa63995000 	C:\Program Files\Java\jdk-17\bin\java.dll

dbghelp: loaded successfully - version: 4.0.5 - missing functions: none
symbol engine: initialized successfully - sym options: 0x614 - pdb path: .;C:\Program Files\Java\jdk-17\bin;C:\WINDOWS\SYSTEM32;C:\WINDOWS\WinSxS\amd64_microsoft.windows.common-controls_6595b64144ccf1df_6.0.26100.4202_none_3e0698d4e335f517;C:\Program Files\Java\jdk-17\bin\server

VM Arguments:
java_command: com.google.prefab.cli.AppKt --build-system cmake --platform android --abi arm64-v8a --os-version 24 --stl c++_shared --ndk-version 27 --output C:\\Users\\akhil\\AppData\\Local\\Temp\\agp-prefab-staging3429293994088309721\\staged-cli-output C:\\Users\\akhil\\.gradle\\caches\\8.14.1\\transforms\\1d221509c521a46e74f6572064742339\\transformed\\react-android-0.80.1-debug\\prefab C:\\Users\\akhil\\.gradle\\caches\\8.14.1\\transforms\\816951bc71efb4c99db481b15113489d\\transformed\\hermes-android-0.80.1-debug\\prefab C:\\Users\\akhil\\.gradle\\caches\\8.14.1\\transforms\\b6a6ccfe82730aba80016e7d9940f54a\\transformed\\fbjni-0.7.0\\prefab
java_class_path (initial): C:\\Users\\akhil\\.gradle\\caches\\modules-2\\files-2.1\\com.google.prefab\\cli\\2.1.0\\aa32fec809c44fa531f01dcfb739b5b3304d3050\\cli-2.1.0-all.jar
Launcher Type: SUN_STANDARD

[Global flags]
     intx CICompilerCount                          = 4                                         {product} {ergonomic}
     uint ConcGCThreads                            = 2                                         {product} {ergonomic}
     uint G1ConcRefinementThreads                  = 8                                         {product} {ergonomic}
   size_t G1HeapRegionSize                         = 1048576                                   {product} {ergonomic}
    uintx GCDrainStackTargetSize                   = 64                                        {product} {ergonomic}
   size_t InitialHeapSize                          = 132120576                                 {product} {ergonomic}
   size_t MarkStackSize                            = 4194304                                   {product} {ergonomic}
   size_t MaxHeapSize                              = 2095054848                                {product} {ergonomic}
   size_t MinHeapDeltaBytes                        = 1048576                                   {product} {ergonomic}
   size_t MinHeapSize                              = 8388608                                   {product} {ergonomic}
    uintx NonNMethodCodeHeapSize                   = 5839372                                {pd product} {ergonomic}
    uintx NonProfiledCodeHeapSize                  = 122909434                              {pd product} {ergonomic}
    uintx ProfiledCodeHeapSize                     = 122909434                              {pd product} {ergonomic}
    uintx ReservedCodeCacheSize                    = 251658240                              {pd product} {ergonomic}
     bool SegmentedCodeCache                       = true                                      {product} {ergonomic}
   size_t SoftMaxHeapSize                          = 2095054848                             {manageable} {ergonomic}
     bool UseCompressedClassPointers               = true                           {product lp64_product} {ergonomic}
     bool UseCompressedOops                        = true                           {product lp64_product} {ergonomic}
     bool UseG1GC                                  = true                                      {product} {ergonomic}
     bool UseLargePagesIndividualAllocation        = false                                  {pd product} {ergonomic}

Logging:
Log output configuration:
 #0: stdout all=warning uptime,level,tags
 #1: stderr all=off uptime,level,tags

Environment Variables:
JAVA_HOME=C:\Program Files\Java\jdk-17
PATH=D:\My Projects\Stylish\node_modules\.bin;D:\My Projects\Stylish\node_modules\.bin;D:\My Projects\node_modules\.bin;D:\node_modules\.bin;C:\Users\akhil\AppData\Roaming\npm\node_modules\npm\node_modules\@npmcli\run-script\lib\node-gyp-bin;C:\Program Files\Common Files\Oracle\Java\javapath;C:\Program Files\Microsoft\jdk-11.0.12.7-hotspot\bin;C:\Windows\system32;C:\Windows;C:\Windows\System32\Wbem;C:\Windows\System32\WindowsPowerShell\v1.0\;C:\Windows\System32\OpenSSH\;C:\Program Files\dotnet\;C:\Program Files\Microsoft SQL Server\Client SDK\ODBC\170\Tools\Binn\;C:\Program Files\Microsoft SQL Server\Client SDK\ODBC\130\Tools\Binn\;C:\Program Files (x86)\Microsoft SQL Server\140\Tools\Binn\;C:\Program Files\Microsoft SQL Server\140\Tools\Binn\;C:\Program Files\Microsoft SQL Server\140\DTS\Binn\;C:\Program Files\Azure Data Studio\bin;C:\ProgramData\chocolatey\bin;C:\WINDOWS\system32;C:\WINDOWS;C:\WINDOWS\System32\Wbem;C:\WINDOWS\System32\WindowsPowerShell\v1.0\;C:\WINDOWS\System32\OpenSSH\;C:\Program Files\nodejs\;C:\Users\akhil\AppData\Local\Android\Sdk\platform-tools;C:\Program Files\Git\cmd;C:\Users\akhil\AppData\Local\Microsoft\WindowsApps;C:\Users\akhil\.dotnet\tools;C:\Program Files\Azure Data Studio\bin;C:\Users\akhil\AppData\Local\Programs\Microsoft VS Code\bin;C:\Users\akhil\AppData\Roaming\npm;
USERNAME=akhil
LANG=en_US.UTF-8
OS=Windows_NT
PROCESSOR_IDENTIFIER=Intel64 Family 6 Model 140 Stepping 1, GenuineIntel



---------------  S Y S T E M  ---------------

OS:
 Windows 11 , 64 bit Build 26100 (10.0.26100.4202)
OS uptime: 0 days 19:31 hours
Hyper-V role detected

CPU: total 8 (initial active 8) (4 cores per cpu, 2 threads per core) family 6 model 140 stepping 1 microcode 0x86, cx8, cmov, fxsr, ht, mmx, 3dnowpref, sse, sse2, sse3, ssse3, sse4.1, sse4.2, popcnt, lzcnt, tsc, tscinvbit, avx, avx2, aes, erms, clmul, bmi1, bmi2, adx, avx512f, avx512dq, avx512cd, avx512bw, avx512vl, sha, fma, vzeroupper, avx512_vpopcntdq, avx512_vpclmulqdq, avx512_vaes, avx512_vnni, clflush, clflushopt, clwb, avx512_vbmi2, avx512_vbmi, hv

Memory: 4k page, system-wide physical 7987M (458M free)
TotalPageFile size 32563M (AvailPageFile size 52M)
current process WorkingSet (physical memory assigned to process): 11M, peak: 11M
current process commit charge ("private bytes"): 60M, peak: 186M

vm_info: Java HotSpot(TM) 64-Bit Server VM (17.0.12+8-LTS-286) for windows-amd64 JRE (17.0.12+8-LTS-286), built on Jun  5 2024 06:46:59 by "mach5one" with MS VC++ 17.6 (VS2022)

END.
